[2025-02-02T11:42:00.384+0000] {taskinstance.py:1125} INFO - Dependencies all met for dep_context=non-requeueable deps ti=<TaskInstance: airqino_etl_to_mongo.extract_data manual__2025-02-02T11:41:53.431794+00:00 [queued]>
[2025-02-02T11:42:00.395+0000] {taskinstance.py:1125} INFO - Dependencies all met for dep_context=requeueable deps ti=<TaskInstance: airqino_etl_to_mongo.extract_data manual__2025-02-02T11:41:53.431794+00:00 [queued]>
[2025-02-02T11:42:00.396+0000] {taskinstance.py:1331} INFO - Starting attempt 1 of 1
[2025-02-02T11:42:00.415+0000] {taskinstance.py:1350} INFO - Executing <Task(_PythonDecoratedOperator): extract_data> on 2025-02-02 11:41:53.431794+00:00
[2025-02-02T11:42:00.422+0000] {standard_task_runner.py:57} INFO - Started process 1957 to run task
[2025-02-02T11:42:00.427+0000] {standard_task_runner.py:84} INFO - Running: ['airflow', 'tasks', 'run', 'airqino_etl_to_mongo', 'extract_data', 'manual__2025-02-02T11:41:53.431794+00:00', '--job-id', '14', '--raw', '--subdir', 'DAGS_FOLDER/airqino_etl_to_mongo.py', '--cfg-path', '/tmp/tmpgyow0x76']
[2025-02-02T11:42:00.429+0000] {standard_task_runner.py:85} INFO - Job 14: Subtask extract_data
[2025-02-02T11:42:00.469+0000] {task_command.py:410} INFO - Running <TaskInstance: airqino_etl_to_mongo.extract_data manual__2025-02-02T11:41:53.431794+00:00 [running]> on host f8536320e0f2
[2025-02-02T11:42:04.978+0000] {taskinstance.py:1570} INFO - Exporting env vars: AIRFLOW_CTX_DAG_OWNER='airflow' AIRFLOW_CTX_DAG_ID='airqino_etl_to_mongo' AIRFLOW_CTX_TASK_ID='extract_data' AIRFLOW_CTX_EXECUTION_DATE='2025-02-02T11:41:53.431794+00:00' AIRFLOW_CTX_TRY_NUMBER='1' AIRFLOW_CTX_DAG_RUN_ID='manual__2025-02-02T11:41:53.431794+00:00'
[2025-02-02T11:42:28.007+0000] {python.py:183} INFO - Done. Returned value was:                  timestamp        CO  ...         RH  station_id
0      2024-02-03 12:00:00  0.000000  ...  53.376667   283164601
1      2024-02-03 13:00:00  0.000000  ...  48.406666   283164601
2      2024-02-03 14:00:00  0.000000  ...  47.616670   283164601
3      2024-02-03 15:00:00  0.000000  ...  55.053333   283164601
4      2024-02-03 16:00:00  0.000000  ...  64.423330   283164601
...                    ...       ...  ...        ...         ...
16219  2025-02-02 07:00:00  0.196537  ...  95.993330   283181971
16220  2025-02-02 08:00:00  0.238250  ...  96.263336   283181971
16221  2025-02-02 09:00:00  0.180580  ...  94.323330   283181971
16222  2025-02-02 10:00:00  0.081337  ...  86.423330   283181971
16223  2025-02-02 11:00:00  0.069350  ...  80.172730   283181971

[16224 rows x 10 columns]
[2025-02-02T11:42:28.804+0000] {taskinstance.py:1373} INFO - Marking task as SUCCESS. dag_id=airqino_etl_to_mongo, task_id=extract_data, execution_date=20250202T114153, start_date=20250202T114200, end_date=20250202T114228
[2025-02-02T11:42:28.863+0000] {local_task_job_runner.py:232} INFO - Task exited with return code 0
[2025-02-02T11:42:28.886+0000] {taskinstance.py:2674} INFO - 1 downstream tasks scheduled from follow-on schedule check
