[2025-02-02T10:50:35.770+0000] {taskinstance.py:1125} INFO - Dependencies all met for dep_context=non-requeueable deps ti=<TaskInstance: airqino_etl_to_mongo.calculate_averages scheduled__2025-02-01T00:00:00+00:00 [queued]>
[2025-02-02T10:50:35.780+0000] {taskinstance.py:1125} INFO - Dependencies all met for dep_context=requeueable deps ti=<TaskInstance: airqino_etl_to_mongo.calculate_averages scheduled__2025-02-01T00:00:00+00:00 [queued]>
[2025-02-02T10:50:35.781+0000] {taskinstance.py:1331} INFO - Starting attempt 1 of 1
[2025-02-02T10:50:35.800+0000] {taskinstance.py:1350} INFO - Executing <Task(_PythonDecoratedOperator): calculate_averages> on 2025-02-01 00:00:00+00:00
[2025-02-02T10:50:35.805+0000] {standard_task_runner.py:57} INFO - Started process 200 to run task
[2025-02-02T10:50:35.810+0000] {standard_task_runner.py:84} INFO - Running: ['airflow', 'tasks', 'run', 'airqino_etl_to_mongo', 'calculate_averages', 'scheduled__2025-02-01T00:00:00+00:00', '--job-id', '4', '--raw', '--subdir', 'DAGS_FOLDER/airqino_etl_to_mongo.py', '--cfg-path', '/tmp/tmplmk_ebsv']
[2025-02-02T10:50:35.811+0000] {standard_task_runner.py:85} INFO - Job 4: Subtask calculate_averages
[2025-02-02T10:50:35.861+0000] {task_command.py:410} INFO - Running <TaskInstance: airqino_etl_to_mongo.calculate_averages scheduled__2025-02-01T00:00:00+00:00 [running]> on host f8536320e0f2
[2025-02-02T10:50:36.513+0000] {taskinstance.py:1570} INFO - Exporting env vars: AIRFLOW_CTX_DAG_OWNER='airflow' AIRFLOW_CTX_DAG_ID='airqino_etl_to_mongo' AIRFLOW_CTX_TASK_ID='calculate_averages' AIRFLOW_CTX_EXECUTION_DATE='2025-02-01T00:00:00+00:00' AIRFLOW_CTX_TRY_NUMBER='1' AIRFLOW_CTX_DAG_RUN_ID='scheduled__2025-02-01T00:00:00+00:00'
[2025-02-02T10:50:36.544+0000] {python.py:183} INFO - Done. Returned value was:            date station_id        CO      PM2.5
0    2024-02-03  283164601  0.000000  14.502564
1    2024-02-03  283181971  0.000000  29.055556
2    2024-02-04  283164601  0.000000  13.919131
3    2024-02-05  283164601  0.000000  16.150717
4    2024-02-05  283181971  0.018406  29.675264
..          ...        ...       ...        ...
700  2025-01-31  283181971  0.178645  18.454347
701  2025-02-01  283164601  0.000000   4.433020
702  2025-02-01  283181971  0.199676  17.613978
703  2025-02-02  283164601  0.000000   4.259765
704  2025-02-02  283181971  0.141153  18.169930

[705 rows x 4 columns]
[2025-02-02T10:50:36.580+0000] {taskinstance.py:1373} INFO - Marking task as SUCCESS. dag_id=airqino_etl_to_mongo, task_id=calculate_averages, execution_date=20250201T000000, start_date=20250202T105035, end_date=20250202T105036
[2025-02-02T10:50:36.649+0000] {local_task_job_runner.py:232} INFO - Task exited with return code 0
[2025-02-02T10:50:36.675+0000] {taskinstance.py:2674} INFO - 1 downstream tasks scheduled from follow-on schedule check
