[2025-02-02T10:50:05.131+0000] {taskinstance.py:1125} INFO - Dependencies all met for dep_context=non-requeueable deps ti=<TaskInstance: airqino_etl_to_mongo.extract_data scheduled__2025-02-01T00:00:00+00:00 [queued]>
[2025-02-02T10:50:05.140+0000] {taskinstance.py:1125} INFO - Dependencies all met for dep_context=requeueable deps ti=<TaskInstance: airqino_etl_to_mongo.extract_data scheduled__2025-02-01T00:00:00+00:00 [queued]>
[2025-02-02T10:50:05.140+0000] {taskinstance.py:1331} INFO - Starting attempt 1 of 1
[2025-02-02T10:50:05.160+0000] {taskinstance.py:1350} INFO - Executing <Task(_PythonDecoratedOperator): extract_data> on 2025-02-01 00:00:00+00:00
[2025-02-02T10:50:05.166+0000] {standard_task_runner.py:57} INFO - Started process 127 to run task
[2025-02-02T10:50:05.169+0000] {standard_task_runner.py:84} INFO - Running: ['airflow', 'tasks', 'run', 'airqino_etl_to_mongo', 'extract_data', 'scheduled__2025-02-01T00:00:00+00:00', '--job-id', '2', '--raw', '--subdir', 'DAGS_FOLDER/airqino_etl_to_mongo.py', '--cfg-path', '/tmp/tmp_9pqxerf']
[2025-02-02T10:50:05.171+0000] {standard_task_runner.py:85} INFO - Job 2: Subtask extract_data
[2025-02-02T10:50:05.219+0000] {task_command.py:410} INFO - Running <TaskInstance: airqino_etl_to_mongo.extract_data scheduled__2025-02-01T00:00:00+00:00 [running]> on host f8536320e0f2
[2025-02-02T10:50:06.271+0000] {taskinstance.py:1570} INFO - Exporting env vars: AIRFLOW_CTX_DAG_OWNER='airflow' AIRFLOW_CTX_DAG_ID='airqino_etl_to_mongo' AIRFLOW_CTX_TASK_ID='extract_data' AIRFLOW_CTX_EXECUTION_DATE='2025-02-01T00:00:00+00:00' AIRFLOW_CTX_TRY_NUMBER='1' AIRFLOW_CTX_DAG_RUN_ID='scheduled__2025-02-01T00:00:00+00:00'
[2025-02-02T10:50:24.814+0000] {python.py:183} INFO - Done. Returned value was:                  timestamp        CO  ...         RH  station_id
0      2024-02-03 11:00:00  0.000000  ...  60.050000   283164601
1      2024-02-03 12:00:00  0.000000  ...  53.376667   283164601
2      2024-02-03 13:00:00  0.000000  ...  48.406666   283164601
3      2024-02-03 14:00:00  0.000000  ...  47.616670   283164601
4      2024-02-03 15:00:00  0.000000  ...  55.053333   283164601
...                    ...       ...  ...        ...         ...
16219  2025-02-02 06:00:00  0.113977  ...  95.050000   283181971
16220  2025-02-02 07:00:00  0.196537  ...  95.993330   283181971
16221  2025-02-02 08:00:00  0.238250  ...  96.263336   283181971
16222  2025-02-02 09:00:00  0.180580  ...  94.323330   283181971
16223  2025-02-02 10:00:00  0.087308  ...  86.761540   283181971

[16224 rows x 10 columns]
[2025-02-02T10:50:25.149+0000] {taskinstance.py:1373} INFO - Marking task as SUCCESS. dag_id=airqino_etl_to_mongo, task_id=extract_data, execution_date=20250201T000000, start_date=20250202T105005, end_date=20250202T105025
[2025-02-02T10:50:25.183+0000] {local_task_job_runner.py:232} INFO - Task exited with return code 0
[2025-02-02T10:50:25.206+0000] {taskinstance.py:2674} INFO - 1 downstream tasks scheduled from follow-on schedule check
