[2025-02-03T06:58:13.529+0000] {taskinstance.py:1125} INFO - Dependencies all met for dep_context=non-requeueable deps ti=<TaskInstance: airqino_etl_to_mongo.calculate_averages scheduled__2025-02-02T00:00:00+00:00 [queued]>
[2025-02-03T06:58:13.543+0000] {taskinstance.py:1125} INFO - Dependencies all met for dep_context=requeueable deps ti=<TaskInstance: airqino_etl_to_mongo.calculate_averages scheduled__2025-02-02T00:00:00+00:00 [queued]>
[2025-02-03T06:58:13.544+0000] {taskinstance.py:1331} INFO - Starting attempt 1 of 1
[2025-02-03T06:58:13.573+0000] {taskinstance.py:1350} INFO - Executing <Task(_PythonDecoratedOperator): calculate_averages> on 2025-02-02 00:00:00+00:00
[2025-02-03T06:58:13.581+0000] {standard_task_runner.py:57} INFO - Started process 180 to run task
[2025-02-03T06:58:13.588+0000] {standard_task_runner.py:84} INFO - Running: ['airflow', 'tasks', 'run', 'airqino_etl_to_mongo', 'calculate_averages', 'scheduled__2025-02-02T00:00:00+00:00', '--job-id', '4', '--raw', '--subdir', 'DAGS_FOLDER/airqino_etl_to_mongo.py', '--cfg-path', '/tmp/tmpxqp9v0i5']
[2025-02-03T06:58:13.591+0000] {standard_task_runner.py:85} INFO - Job 4: Subtask calculate_averages
[2025-02-03T06:58:13.696+0000] {task_command.py:410} INFO - Running <TaskInstance: airqino_etl_to_mongo.calculate_averages scheduled__2025-02-02T00:00:00+00:00 [running]> on host b03e1ab1774b
[2025-02-03T06:58:14.481+0000] {taskinstance.py:1570} INFO - Exporting env vars: AIRFLOW_CTX_DAG_OWNER='airflow' AIRFLOW_CTX_DAG_ID='airqino_etl_to_mongo' AIRFLOW_CTX_TASK_ID='calculate_averages' AIRFLOW_CTX_EXECUTION_DATE='2025-02-02T00:00:00+00:00' AIRFLOW_CTX_TRY_NUMBER='1' AIRFLOW_CTX_DAG_RUN_ID='scheduled__2025-02-02T00:00:00+00:00'
[2025-02-03T06:58:14.524+0000] {python.py:183} INFO - Done. Returned value was:            date station_id        CO      PM2.5
0    2024-02-04  283164601  0.000000  14.109867
1    2024-02-05  283164601  0.000000  16.150717
2    2024-02-05  283181971  0.018406  29.675264
3    2024-02-06  283164601  0.000000  19.406586
4    2024-02-06  283181971  0.014140  32.141474
..          ...        ...       ...        ...
700  2025-02-01  283181971  0.199676  17.613978
701  2025-02-02  283164601  0.000000   4.646281
702  2025-02-02  283181971  0.154899  19.290322
703  2025-02-03  283164601  0.000000   3.967604
704  2025-02-03  283181971  0.087826  15.805090

[705 rows x 4 columns]
[2025-02-03T06:58:14.577+0000] {taskinstance.py:1373} INFO - Marking task as SUCCESS. dag_id=airqino_etl_to_mongo, task_id=calculate_averages, execution_date=20250202T000000, start_date=20250203T065813, end_date=20250203T065814
[2025-02-03T06:58:14.630+0000] {local_task_job_runner.py:232} INFO - Task exited with return code 0
[2025-02-03T06:58:14.666+0000] {taskinstance.py:2674} INFO - 1 downstream tasks scheduled from follow-on schedule check
