[2025-02-03T07:22:29.922+0000] {taskinstance.py:1125} INFO - Dependencies all met for dep_context=non-requeueable deps ti=<TaskInstance: airqino_etl_to_mongo.filter_data manual__2025-02-03T07:22:07.849124+00:00 [queued]>
[2025-02-03T07:22:29.939+0000] {taskinstance.py:1125} INFO - Dependencies all met for dep_context=requeueable deps ti=<TaskInstance: airqino_etl_to_mongo.filter_data manual__2025-02-03T07:22:07.849124+00:00 [queued]>
[2025-02-03T07:22:29.939+0000] {taskinstance.py:1331} INFO - Starting attempt 1 of 1
[2025-02-03T07:22:30.000+0000] {taskinstance.py:1350} INFO - Executing <Task(_PythonDecoratedOperator): filter_data> on 2025-02-03 07:22:07.849124+00:00
[2025-02-03T07:22:30.016+0000] {standard_task_runner.py:57} INFO - Started process 167 to run task
[2025-02-03T07:22:30.030+0000] {standard_task_runner.py:84} INFO - Running: ['airflow', 'tasks', 'run', 'airqino_etl_to_mongo', 'filter_data', 'manual__2025-02-03T07:22:07.849124+00:00', '--job-id', '8', '--raw', '--subdir', 'DAGS_FOLDER/airqino_etl_to_mongo.py', '--cfg-path', '/tmp/tmpvghnh3ih']
[2025-02-03T07:22:30.035+0000] {standard_task_runner.py:85} INFO - Job 8: Subtask filter_data
[2025-02-03T07:22:30.201+0000] {task_command.py:410} INFO - Running <TaskInstance: airqino_etl_to_mongo.filter_data manual__2025-02-03T07:22:07.849124+00:00 [running]> on host b03e1ab1774b
[2025-02-03T07:22:32.010+0000] {taskinstance.py:1570} INFO - Exporting env vars: AIRFLOW_CTX_DAG_OWNER='airflow' AIRFLOW_CTX_DAG_ID='airqino_etl_to_mongo' AIRFLOW_CTX_TASK_ID='filter_data' AIRFLOW_CTX_EXECUTION_DATE='2025-02-03T07:22:07.849124+00:00' AIRFLOW_CTX_TRY_NUMBER='1' AIRFLOW_CTX_DAG_RUN_ID='manual__2025-02-03T07:22:07.849124+00:00'
[2025-02-03T07:22:32.057+0000] {python.py:183} INFO - Done. Returned value was:                 timestamp        CO          T  ...      PM2.5         RH  station_id
0     2024-02-04 08:00:00  0.000000  26.846666  ...  14.566667  95.590004   283164601
1     2024-02-04 09:00:00  0.000000  28.243334  ...  12.433333  88.430000   283164601
2     2024-02-04 10:00:00  0.000000  29.686666  ...  11.000000  81.630005   283164601
3     2024-02-04 11:00:00  0.000000  31.520000  ...  11.466666  67.316666   283164601
4     2024-02-04 12:00:00  0.000000  33.316666  ...  14.166667  50.580000   283164601
...                   ...       ...        ...  ...        ...        ...         ...
16237 2025-02-03 03:00:00  0.000000  25.596666  ...  11.233334  89.123340   283181971
16238 2025-02-03 04:00:00  0.003813  25.813334  ...  13.766666  89.023340   283181971
16239 2025-02-03 05:00:00  0.051420  25.883333  ...  13.833333  89.493330   283181971
16240 2025-02-03 06:00:00  0.270537  25.820000  ...  21.166666  89.743330   283181971
16241 2025-02-03 07:00:00  0.319309  25.654547  ...  17.818182  89.518180   283181971

[16242 rows x 10 columns]
[2025-02-03T07:22:34.240+0000] {taskinstance.py:1373} INFO - Marking task as SUCCESS. dag_id=airqino_etl_to_mongo, task_id=filter_data, execution_date=20250203T072207, start_date=20250203T072229, end_date=20250203T072234
[2025-02-03T07:22:34.357+0000] {local_task_job_runner.py:232} INFO - Task exited with return code 0
[2025-02-03T07:22:34.464+0000] {taskinstance.py:2674} INFO - 1 downstream tasks scheduled from follow-on schedule check
