[2025-01-25T09:30:35.094+0000] {taskinstance.py:1125} INFO - Dependencies all met for dep_context=non-requeueable deps ti=<TaskInstance: airqino_etl_to_mongo.extract_data scheduled__2025-01-24T00:00:00+00:00 [queued]>
[2025-01-25T09:30:35.104+0000] {taskinstance.py:1125} INFO - Dependencies all met for dep_context=requeueable deps ti=<TaskInstance: airqino_etl_to_mongo.extract_data scheduled__2025-01-24T00:00:00+00:00 [queued]>
[2025-01-25T09:30:35.105+0000] {taskinstance.py:1331} INFO - Starting attempt 1 of 1
[2025-01-25T09:30:35.121+0000] {taskinstance.py:1350} INFO - Executing <Task(_PythonDecoratedOperator): extract_data> on 2025-01-24 00:00:00+00:00
[2025-01-25T09:30:35.126+0000] {standard_task_runner.py:57} INFO - Started process 67 to run task
[2025-01-25T09:30:35.130+0000] {standard_task_runner.py:84} INFO - Running: ['***', 'tasks', 'run', 'airqino_etl_to_mongo', 'extract_data', 'scheduled__2025-01-24T00:00:00+00:00', '--job-id', '2', '--raw', '--subdir', 'DAGS_FOLDER/airqino_etl_to_mongo.py', '--cfg-path', '/tmp/tmp4ri3fa_r']
[2025-01-25T09:30:35.131+0000] {standard_task_runner.py:85} INFO - Job 2: Subtask extract_data
[2025-01-25T09:30:35.222+0000] {task_command.py:410} INFO - Running <TaskInstance: airqino_etl_to_mongo.extract_data scheduled__2025-01-24T00:00:00+00:00 [running]> on host bc5f62e6ab49
[2025-01-25T09:30:35.365+0000] {taskinstance.py:1570} INFO - Exporting env vars: AIRFLOW_CTX_DAG_OWNER='***' AIRFLOW_CTX_DAG_ID='airqino_etl_to_mongo' AIRFLOW_CTX_TASK_ID='extract_data' AIRFLOW_CTX_EXECUTION_DATE='2025-01-24T00:00:00+00:00' AIRFLOW_CTX_TRY_NUMBER='1' AIRFLOW_CTX_DAG_RUN_ID='scheduled__2025-01-24T00:00:00+00:00'
[2025-01-25T09:30:35.367+0000] {airqino_etl_to_mongo.py:13} INFO - debut /////////////////////////////////////////////////////////////////////////////////////////////////////
[2025-01-25T09:30:35.367+0000] {etl.py:16} INFO - Fetching data from https://airqino-api.magentalab.it/v3/getStationHourlyAvg/283164601
[2025-01-25T09:30:38.909+0000] {etl.py:21} INFO - Data fetched successfully
[2025-01-25T09:30:38.914+0000] {python.py:183} INFO - Done. Returned value was:                 timestamp   CO          T  ...       PM10      PM2.5         RH
0     2024-01-26 10:00:00  0.0  30.573334  ...  21.333334  11.566667  79.360000
1     2024-01-26 11:00:00  0.0  29.910000  ...  21.000000  11.400000  70.580000
2     2024-01-26 12:00:00  0.0  32.576668  ...  26.700000  12.200000  63.056667
3     2024-01-26 13:00:00  0.0  33.196667  ...  29.966667  10.733334  51.490000
4     2024-01-26 14:00:00  0.0  33.346670  ...  33.833332  10.000000  43.490000
...                   ...  ...        ...  ...        ...        ...        ...
8519  2025-01-25 05:00:00  0.0  27.366667  ...  13.900000   5.666666  92.180000
8520  2025-01-25 06:00:00  0.0  27.320000  ...   7.266667   2.933333  90.580000
8521  2025-01-25 07:00:00  0.0  27.583334  ...   6.966667   3.100000  89.130005
8522  2025-01-25 08:00:00  0.0  28.216667  ...   7.866667   3.333333  85.890000
8523  2025-01-25 09:00:00  0.0  29.533333  ...   5.666666   2.600000  80.226670

[8524 rows x 9 columns]
[2025-01-25T09:30:39.291+0000] {taskinstance.py:1373} INFO - Marking task as SUCCESS. dag_id=airqino_etl_to_mongo, task_id=extract_data, execution_date=20250124T000000, start_date=20250125T093035, end_date=20250125T093039
[2025-01-25T09:30:39.326+0000] {local_task_job_runner.py:232} INFO - Task exited with return code 0
[2025-01-25T09:30:39.361+0000] {taskinstance.py:2674} INFO - 1 downstream tasks scheduled from follow-on schedule check
