[2025-02-02T10:54:09.277+0000] {taskinstance.py:1125} INFO - Dependencies all met for dep_context=non-requeueable deps ti=<TaskInstance: airqino_etl_to_mongo.filter_data manual__2025-02-02T10:53:36.663106+00:00 [queued]>
[2025-02-02T10:54:09.295+0000] {taskinstance.py:1125} INFO - Dependencies all met for dep_context=requeueable deps ti=<TaskInstance: airqino_etl_to_mongo.filter_data manual__2025-02-02T10:53:36.663106+00:00 [queued]>
[2025-02-02T10:54:09.296+0000] {taskinstance.py:1331} INFO - Starting attempt 1 of 1
[2025-02-02T10:54:09.324+0000] {taskinstance.py:1350} INFO - Executing <Task(_PythonDecoratedOperator): filter_data> on 2025-02-02 10:53:36.663106+00:00
[2025-02-02T10:54:09.333+0000] {standard_task_runner.py:57} INFO - Started process 385 to run task
[2025-02-02T10:54:09.333+0000] {standard_task_runner.py:84} INFO - Running: ['airflow', 'tasks', 'run', 'airqino_etl_to_mongo', 'filter_data', 'manual__2025-02-02T10:53:36.663106+00:00', '--job-id', '7', '--raw', '--subdir', 'DAGS_FOLDER/airqino_etl_to_mongo.py', '--cfg-path', '/tmp/tmpyglij89t']
[2025-02-02T10:54:09.335+0000] {standard_task_runner.py:85} INFO - Job 7: Subtask filter_data
[2025-02-02T10:54:09.382+0000] {task_command.py:410} INFO - Running <TaskInstance: airqino_etl_to_mongo.filter_data manual__2025-02-02T10:53:36.663106+00:00 [running]> on host f8536320e0f2
[2025-02-02T10:54:10.181+0000] {taskinstance.py:1570} INFO - Exporting env vars: AIRFLOW_CTX_DAG_OWNER='airflow' AIRFLOW_CTX_DAG_ID='airqino_etl_to_mongo' AIRFLOW_CTX_TASK_ID='filter_data' AIRFLOW_CTX_EXECUTION_DATE='2025-02-02T10:53:36.663106+00:00' AIRFLOW_CTX_TRY_NUMBER='1' AIRFLOW_CTX_DAG_RUN_ID='manual__2025-02-02T10:53:36.663106+00:00'
[2025-02-02T10:54:10.194+0000] {python.py:183} INFO - Done. Returned value was:                 timestamp        CO          T  ...      PM2.5         RH  station_id
0     2024-02-03 11:00:00  0.000000  32.630000  ...  14.900000  60.050000   283164601
1     2024-02-03 12:00:00  0.000000  33.436670  ...  15.733334  53.376667   283164601
2     2024-02-03 13:00:00  0.000000  34.036667  ...  15.700000  48.406666   283164601
3     2024-02-03 14:00:00  0.000000  34.003334  ...  16.100000  47.616670   283164601
4     2024-02-03 15:00:00  0.000000  33.503334  ...  15.700000  55.053333   283164601
...                   ...       ...        ...  ...        ...        ...         ...
16219 2025-02-02 06:00:00  0.113977  27.276667  ...  21.933332  95.050000   283181971
16220 2025-02-02 07:00:00  0.196537  27.093334  ...  27.000000  95.993330   283181971
16221 2025-02-02 08:00:00  0.238250  27.226667  ...  26.900000  96.263336   283181971
16222 2025-02-02 09:00:00  0.180580  26.913334  ...  20.633333  94.323330   283181971
16223 2025-02-02 10:00:00  0.083081  27.470371  ...  15.296296  86.666670   283181971

[16224 rows x 10 columns]
[2025-02-02T10:54:10.288+0000] {taskinstance.py:1373} INFO - Marking task as SUCCESS. dag_id=airqino_etl_to_mongo, task_id=filter_data, execution_date=20250202T105336, start_date=20250202T105409, end_date=20250202T105410
[2025-02-02T10:54:10.334+0000] {local_task_job_runner.py:232} INFO - Task exited with return code 0
[2025-02-02T10:54:10.361+0000] {taskinstance.py:2674} INFO - 1 downstream tasks scheduled from follow-on schedule check
