[2025-01-25T10:51:30.155+0000] {taskinstance.py:1125} INFO - Dependencies all met for dep_context=non-requeueable deps ti=<TaskInstance: airqino_etl_to_mongo.calculate_averages manual__2025-01-24T00:00:00+00:00 [queued]>
[2025-01-25T10:51:30.172+0000] {taskinstance.py:1125} INFO - Dependencies all met for dep_context=requeueable deps ti=<TaskInstance: airqino_etl_to_mongo.calculate_averages manual__2025-01-24T00:00:00+00:00 [queued]>
[2025-01-25T10:51:30.172+0000] {taskinstance.py:1331} INFO - Starting attempt 1 of 1
[2025-01-25T10:51:30.200+0000] {taskinstance.py:1350} INFO - Executing <Task(_PythonDecoratedOperator): calculate_averages> on 2025-01-24 00:00:00+00:00
[2025-01-25T10:51:30.207+0000] {standard_task_runner.py:57} INFO - Started process 615 to run task
[2025-01-25T10:51:30.212+0000] {standard_task_runner.py:84} INFO - Running: ['***', 'tasks', 'run', 'airqino_etl_to_mongo', 'calculate_averages', 'manual__2025-01-24T00:00:00+00:00', '--job-id', '38', '--raw', '--subdir', 'DAGS_FOLDER/airqino_etl_to_mongo.py', '--cfg-path', '/tmp/tmpy8sg1ys5']
[2025-01-25T10:51:30.214+0000] {standard_task_runner.py:85} INFO - Job 38: Subtask calculate_averages
[2025-01-25T10:51:30.294+0000] {task_command.py:410} INFO - Running <TaskInstance: airqino_etl_to_mongo.calculate_averages manual__2025-01-24T00:00:00+00:00 [running]> on host bc5f62e6ab49
[2025-01-25T10:51:30.534+0000] {taskinstance.py:1570} INFO - Exporting env vars: AIRFLOW_CTX_DAG_OWNER='***' AIRFLOW_CTX_DAG_ID='airqino_etl_to_mongo' AIRFLOW_CTX_TASK_ID='calculate_averages' AIRFLOW_CTX_EXECUTION_DATE='2025-01-24T00:00:00+00:00' AIRFLOW_CTX_TRY_NUMBER='1' AIRFLOW_CTX_DAG_RUN_ID='manual__2025-01-24T00:00:00+00:00'
[2025-01-25T10:51:30.536+0000] {etl.py:40} INFO - Calculating daily averages
[2025-01-25T10:51:30.543+0000] {etl.py:44} INFO - Daily averages calculated successfully
[2025-01-25T10:51:30.543+0000] {python.py:183} INFO - Done. Returned value was:           date   CO     PM2.5
0   2025-01-01  0.0  6.023142
1   2025-01-02  0.0  6.048566
2   2025-01-03  0.0  7.116398
3   2025-01-04  0.0  7.598477
4   2025-01-05  0.0  6.083020
5   2025-01-06  0.0  4.807616
6   2025-01-07  0.0  5.557258
7   2025-01-08  0.0  6.172133
8   2025-01-09  0.0  5.264426
9   2025-01-10  0.0  6.107392
10  2025-01-11  0.0  5.942966
11  2025-01-12  0.0  6.374097
12  2025-01-13  0.0  7.040950
13  2025-01-14  0.0  6.666039
14  2025-01-15  0.0  4.877061
15  2025-01-16  0.0  4.695385
16  2025-01-17  0.0  4.455690
17  2025-01-18  0.0  4.385932
18  2025-01-19  0.0  4.745699
19  2025-01-20  0.0  4.603047
20  2025-01-21  0.0  3.322536
21  2025-01-22  0.0  3.234409
22  2025-01-23  0.0  2.554884
23  2025-01-24  0.0  2.260842
24  2025-01-25  0.0  3.601790
[2025-01-25T10:51:30.588+0000] {taskinstance.py:1373} INFO - Marking task as SUCCESS. dag_id=airqino_etl_to_mongo, task_id=calculate_averages, execution_date=20250124T000000, start_date=20250125T105130, end_date=20250125T105130
[2025-01-25T10:51:30.639+0000] {local_task_job_runner.py:232} INFO - Task exited with return code 0
[2025-01-25T10:51:30.674+0000] {taskinstance.py:2674} INFO - 1 downstream tasks scheduled from follow-on schedule check
