[2025-01-25T09:53:24.119+0000] {taskinstance.py:1125} INFO - Dependencies all met for dep_context=non-requeueable deps ti=<TaskInstance: airqino_etl_to_mongo.filter_data manual__2025-01-24T00:00:00+00:00 [queued]>
[2025-01-25T09:53:24.130+0000] {taskinstance.py:1125} INFO - Dependencies all met for dep_context=requeueable deps ti=<TaskInstance: airqino_etl_to_mongo.filter_data manual__2025-01-24T00:00:00+00:00 [queued]>
[2025-01-25T09:53:24.131+0000] {taskinstance.py:1331} INFO - Starting attempt 1 of 1
[2025-01-25T09:53:24.147+0000] {taskinstance.py:1350} INFO - Executing <Task(_PythonDecoratedOperator): filter_data> on 2025-01-24 00:00:00+00:00
[2025-01-25T09:53:24.154+0000] {standard_task_runner.py:57} INFO - Started process 125 to run task
[2025-01-25T09:53:24.159+0000] {standard_task_runner.py:84} INFO - Running: ['***', 'tasks', 'run', 'airqino_etl_to_mongo', 'filter_data', 'manual__2025-01-24T00:00:00+00:00', '--job-id', '7', '--raw', '--subdir', 'DAGS_FOLDER/airqino_etl_to_mongo.py', '--cfg-path', '/tmp/tmpkbmpoqd4']
[2025-01-25T09:53:24.160+0000] {standard_task_runner.py:85} INFO - Job 7: Subtask filter_data
[2025-01-25T09:53:24.225+0000] {task_command.py:410} INFO - Running <TaskInstance: airqino_etl_to_mongo.filter_data manual__2025-01-24T00:00:00+00:00 [running]> on host bc5f62e6ab49
[2025-01-25T09:53:24.496+0000] {taskinstance.py:1570} INFO - Exporting env vars: AIRFLOW_CTX_DAG_OWNER='***' AIRFLOW_CTX_DAG_ID='airqino_etl_to_mongo' AIRFLOW_CTX_TASK_ID='filter_data' AIRFLOW_CTX_EXECUTION_DATE='2025-01-24T00:00:00+00:00' AIRFLOW_CTX_TRY_NUMBER='1' AIRFLOW_CTX_DAG_RUN_ID='manual__2025-01-24T00:00:00+00:00'
[2025-01-25T09:53:24.497+0000] {logging_mixin.py:149} INFO - Last processed date: 0001-01-01 00:00:00
[2025-01-25T09:53:24.497+0000] {etl.py:31} INFO - Filtering data after 0001-01-01 00:00:00
[2025-01-25T09:53:24.503+0000] {taskinstance.py:1847} ERROR - Task failed with exception
Traceback (most recent call last):
  File "/home/airflow/.local/lib/python3.7/site-packages/airflow/decorators/base.py", line 220, in execute
    return_value = super().execute(context)
  File "/home/airflow/.local/lib/python3.7/site-packages/airflow/operators/python.py", line 181, in execute
    return_value = self.execute_callable()
  File "/home/airflow/.local/lib/python3.7/site-packages/airflow/operators/python.py", line 198, in execute_callable
    return self.python_callable(*self.op_args, **self.op_kwargs)
  File "/opt/airflow/dags/airqino_etl_to_mongo.py", line 19, in filter_data
    return filter_new_data(data, last_processed_date)
  File "/opt/airflow/dags/utils/etl.py", line 34, in filter_new_data
    filtered_df = df[df['timestamp'] > last_processed_date]
  File "/home/airflow/.local/lib/python3.7/site-packages/pandas/core/ops/common.py", line 69, in new_method
    return method(self, other)
  File "/home/airflow/.local/lib/python3.7/site-packages/pandas/core/arraylike.py", line 48, in __gt__
    return self._cmp_method(other, operator.gt)
  File "/home/airflow/.local/lib/python3.7/site-packages/pandas/core/series.py", line 5502, in _cmp_method
    res_values = ops.comparison_op(lvalues, rvalues, op)
  File "/home/airflow/.local/lib/python3.7/site-packages/pandas/core/ops/array_ops.py", line 270, in comparison_op
    res_values = op(lvalues, rvalues)
  File "/home/airflow/.local/lib/python3.7/site-packages/pandas/core/ops/common.py", line 69, in new_method
    return method(self, other)
  File "/home/airflow/.local/lib/python3.7/site-packages/pandas/core/arraylike.py", line 48, in __gt__
    return self._cmp_method(other, operator.gt)
  File "/home/airflow/.local/lib/python3.7/site-packages/pandas/core/arrays/datetimelike.py", line 1008, in _cmp_method
    other = self._validate_comparison_value(other)
  File "/home/airflow/.local/lib/python3.7/site-packages/pandas/core/arrays/datetimelike.py", line 538, in _validate_comparison_value
    other = self._scalar_type(other)
  File "pandas/_libs/tslibs/timestamps.pyx", line 1332, in pandas._libs.tslibs.timestamps.Timestamp.__new__
  File "pandas/_libs/tslibs/conversion.pyx", line 435, in pandas._libs.tslibs.conversion.convert_to_tsobject
  File "pandas/_libs/tslibs/conversion.pyx", line 516, in pandas._libs.tslibs.conversion.convert_datetime_to_tsobject
  File "pandas/_libs/tslibs/np_datetime.pyx", line 120, in pandas._libs.tslibs.np_datetime.check_dts_bounds
pandas._libs.tslibs.np_datetime.OutOfBoundsDatetime: Out of bounds nanosecond timestamp: 1-01-01 00:00:00
[2025-01-25T09:53:24.523+0000] {taskinstance.py:1373} INFO - Marking task as FAILED. dag_id=airqino_etl_to_mongo, task_id=filter_data, execution_date=20250124T000000, start_date=20250125T095324, end_date=20250125T095324
[2025-01-25T09:53:24.536+0000] {standard_task_runner.py:109} ERROR - Failed to execute job 7 for task filter_data (Out of bounds nanosecond timestamp: 1-01-01 00:00:00; 125)
[2025-01-25T09:53:24.585+0000] {local_task_job_runner.py:232} INFO - Task exited with return code 1
[2025-01-25T09:53:24.618+0000] {taskinstance.py:2674} INFO - 0 downstream tasks scheduled from follow-on schedule check
[2025-01-25T10:51:26.041+0000] {taskinstance.py:1125} INFO - Dependencies all met for dep_context=non-requeueable deps ti=<TaskInstance: airqino_etl_to_mongo.filter_data manual__2025-01-24T00:00:00+00:00 [queued]>
[2025-01-25T10:51:26.051+0000] {taskinstance.py:1125} INFO - Dependencies all met for dep_context=requeueable deps ti=<TaskInstance: airqino_etl_to_mongo.filter_data manual__2025-01-24T00:00:00+00:00 [queued]>
[2025-01-25T10:51:26.051+0000] {taskinstance.py:1331} INFO - Starting attempt 1 of 1
[2025-01-25T10:51:26.068+0000] {taskinstance.py:1350} INFO - Executing <Task(_PythonDecoratedOperator): filter_data> on 2025-01-24 00:00:00+00:00
[2025-01-25T10:51:26.073+0000] {standard_task_runner.py:57} INFO - Started process 574 to run task
[2025-01-25T10:51:26.076+0000] {standard_task_runner.py:84} INFO - Running: ['***', 'tasks', 'run', 'airqino_etl_to_mongo', 'filter_data', 'manual__2025-01-24T00:00:00+00:00', '--job-id', '37', '--raw', '--subdir', 'DAGS_FOLDER/airqino_etl_to_mongo.py', '--cfg-path', '/tmp/tmpbeor_7w_']
[2025-01-25T10:51:26.078+0000] {standard_task_runner.py:85} INFO - Job 37: Subtask filter_data
[2025-01-25T10:51:26.144+0000] {task_command.py:410} INFO - Running <TaskInstance: airqino_etl_to_mongo.filter_data manual__2025-01-24T00:00:00+00:00 [running]> on host bc5f62e6ab49
[2025-01-25T10:51:26.379+0000] {taskinstance.py:1570} INFO - Exporting env vars: AIRFLOW_CTX_DAG_OWNER='***' AIRFLOW_CTX_DAG_ID='airqino_etl_to_mongo' AIRFLOW_CTX_TASK_ID='filter_data' AIRFLOW_CTX_EXECUTION_DATE='2025-01-24T00:00:00+00:00' AIRFLOW_CTX_TRY_NUMBER='1' AIRFLOW_CTX_DAG_RUN_ID='manual__2025-01-24T00:00:00+00:00'
[2025-01-25T10:51:26.380+0000] {logging_mixin.py:149} INFO - 2020-01-01
[2025-01-25T10:51:26.386+0000] {python.py:183} INFO - Done. Returned value was:                timestamp   CO          T  ...       PM10     PM2.5         RH
7938 2025-01-01 01:00:00  0.0  28.793333  ...  15.400000  6.866667  87.943340
7939 2025-01-01 02:00:00  0.0  28.874193  ...  15.000000  6.548387  88.461290
7940 2025-01-01 03:00:00  0.0  28.756666  ...  11.666667  4.800000  88.806670
7941 2025-01-01 04:00:00  0.0  28.613335  ...  12.433333  5.366667  90.266670
7942 2025-01-01 05:00:00  0.0  28.530000  ...  11.366667  4.266667  90.156670
...                  ...  ...        ...  ...        ...       ...        ...
8519 2025-01-25 06:00:00  0.0  27.320000  ...   7.266667  2.933333  90.580000
8520 2025-01-25 07:00:00  0.0  27.583334  ...   6.966667  3.100000  89.130005
8521 2025-01-25 08:00:00  0.0  28.216667  ...   7.866667  3.333333  85.890000
8522 2025-01-25 09:00:00  0.0  29.996668  ...   5.800000  2.533333  78.483340
8523 2025-01-25 10:00:00  0.0  30.719230  ...   7.153846  3.115385  73.930770

[586 rows x 9 columns]
[2025-01-25T10:51:26.440+0000] {taskinstance.py:1373} INFO - Marking task as SUCCESS. dag_id=airqino_etl_to_mongo, task_id=filter_data, execution_date=20250124T000000, start_date=20250125T105126, end_date=20250125T105126
[2025-01-25T10:51:26.460+0000] {local_task_job_runner.py:232} INFO - Task exited with return code 0
[2025-01-25T10:51:26.492+0000] {taskinstance.py:2674} INFO - 1 downstream tasks scheduled from follow-on schedule check
