[2025-02-03T00:00:28.101+0000] {taskinstance.py:1125} INFO - Dependencies all met for dep_context=non-requeueable deps ti=<TaskInstance: airqino_etl_to_mongo.filter_data scheduled__2025-02-02T00:00:00+00:00 [queued]>
[2025-02-03T00:00:28.112+0000] {taskinstance.py:1125} INFO - Dependencies all met for dep_context=requeueable deps ti=<TaskInstance: airqino_etl_to_mongo.filter_data scheduled__2025-02-02T00:00:00+00:00 [queued]>
[2025-02-03T00:00:28.112+0000] {taskinstance.py:1331} INFO - Starting attempt 1 of 1
[2025-02-03T00:00:28.131+0000] {taskinstance.py:1350} INFO - Executing <Task(_PythonDecoratedOperator): filter_data> on 2025-02-02 00:00:00+00:00
[2025-02-03T00:00:28.135+0000] {standard_task_runner.py:57} INFO - Started process 1854 to run task
[2025-02-03T00:00:28.139+0000] {standard_task_runner.py:84} INFO - Running: ['airflow', 'tasks', 'run', 'airqino_etl_to_mongo', 'filter_data', 'scheduled__2025-02-02T00:00:00+00:00', '--job-id', '25', '--raw', '--subdir', 'DAGS_FOLDER/airqino_etl_to_mongo.py', '--cfg-path', '/tmp/tmpniqpes4x']
[2025-02-03T00:00:28.141+0000] {standard_task_runner.py:85} INFO - Job 25: Subtask filter_data
[2025-02-03T00:00:28.203+0000] {task_command.py:410} INFO - Running <TaskInstance: airqino_etl_to_mongo.filter_data scheduled__2025-02-02T00:00:00+00:00 [running]> on host f8536320e0f2
[2025-02-03T00:00:28.993+0000] {taskinstance.py:1570} INFO - Exporting env vars: AIRFLOW_CTX_DAG_OWNER='airflow' AIRFLOW_CTX_DAG_ID='airqino_etl_to_mongo' AIRFLOW_CTX_TASK_ID='filter_data' AIRFLOW_CTX_EXECUTION_DATE='2025-02-02T00:00:00+00:00' AIRFLOW_CTX_TRY_NUMBER='1' AIRFLOW_CTX_DAG_RUN_ID='scheduled__2025-02-02T00:00:00+00:00'
[2025-02-03T00:00:29.017+0000] {python.py:183} INFO - Done. Returned value was:                 timestamp        CO          T  ...      PM2.5         RH  station_id
8500  2025-02-02 01:00:00  0.000000  28.646667  ...   2.766667  92.006670   283164601
8501  2025-02-02 02:00:00  0.000000  28.483334  ...   2.833333  92.873340   283164601
8502  2025-02-02 03:00:00  0.000000  28.423334  ...   2.666667  92.833336   283164601
8503  2025-02-02 04:00:00  0.000000  28.336668  ...   2.900000  92.460000   283164601
8504  2025-02-02 05:00:00  0.000000  27.840000  ...   4.400000  94.513336   283164601
8505  2025-02-02 06:00:00  0.000000  27.525806  ...   5.677419  96.241936   283164601
8506  2025-02-02 07:00:00  0.000000  27.343334  ...   6.433333  97.076670   283164601
8507  2025-02-02 08:00:00  0.000000  27.286667  ...   7.766667  98.420000   283164601
8508  2025-02-02 09:00:00  0.000000  26.970001  ...   5.066667  95.750000   283164601
8509  2025-02-02 10:00:00  0.000000  27.410000  ...   3.400000  88.200005   283164601
8510  2025-02-02 11:00:00  0.000000  29.196667  ...   4.333334  80.546670   283164601
8511  2025-02-02 12:00:00  0.000000  30.383333  ...   4.466667  75.736670   283164601
8512  2025-02-02 13:00:00  0.000000  30.666668  ...   5.500000  74.336670   283164601
8513  2025-02-02 14:00:00  0.000000  31.300001  ...   6.333334  71.133330   283164601
8514  2025-02-02 15:00:00  0.000000  31.226667  ...   5.366667  70.846664   283164601
8515  2025-02-02 16:00:00  0.000000  30.466667  ...   5.233333  73.546670   283164601
8516  2025-02-02 17:00:00  0.000000  29.746668  ...   4.233333  79.186670   283164601
8517  2025-02-02 18:00:00  0.000000  29.183334  ...   4.266667  82.900000   283164601
8518  2025-02-02 19:00:00  0.000000  28.466667  ...   4.900000  85.723335   283164601
8519  2025-02-02 20:00:00  0.000000  28.410000  ...   5.566667  86.023340   283164601
8520  2025-02-02 21:00:00  0.000000  28.333334  ...   4.733333  86.513336   283164601
8521  2025-02-02 22:00:00  0.000000  28.156668  ...   4.466667  87.396670   283164601
8522  2025-02-02 23:00:00  0.000000  27.923334  ...   5.133333  88.773340   283164601
8523  2025-02-03 00:00:00  0.000000  27.900000  ...   5.000000  89.500000   283164601
16211 2025-02-02 01:00:00  0.145137  28.216667  ...  13.633333  92.216670   283181971
16212 2025-02-02 02:00:00  0.148030  28.110000  ...  14.933333  92.866670   283181971
16213 2025-02-02 03:00:00  0.067513  27.970001  ...  14.366667  92.970000   283181971
16214 2025-02-02 04:00:00  0.065040  27.766666  ...  14.100000  93.560005   283181971
16215 2025-02-02 05:00:00  0.077443  27.596666  ...  16.933332  93.733340   283181971
16216 2025-02-02 06:00:00  0.113977  27.276667  ...  21.933332  95.050000   283181971
16217 2025-02-02 07:00:00  0.196537  27.093334  ...  27.000000  95.993330   283181971
16218 2025-02-02 08:00:00  0.238250  27.226667  ...  26.900000  96.263336   283181971
16219 2025-02-02 09:00:00  0.180580  26.913334  ...  20.633333  94.323330   283181971
16220 2025-02-02 10:00:00  0.081337  27.553333  ...  15.366667  86.423330   283181971
16221 2025-02-02 11:00:00  0.043930  29.333334  ...  17.733334  79.250000   283181971
16222 2025-02-02 12:00:00  0.016552  30.306452  ...  18.967741  75.716130   283181971
16223 2025-02-02 13:00:00  0.021683  30.713333  ...  23.366667  73.896670   283181971
16224 2025-02-02 14:00:00  0.000000  31.370000  ...  23.833334  70.733340   283181971
16225 2025-02-02 15:00:00  0.000000  31.263334  ...  21.233334  70.220000   283181971
16226 2025-02-02 16:00:00  0.081883  30.440000  ...  21.400000  73.100000   283181971
16227 2025-02-02 17:00:00  0.170557  29.473333  ...  19.133333  79.726670   283181971
16228 2025-02-02 18:00:00  0.390203  28.593334  ...  18.233334  84.163340   283181971
16229 2025-02-02 19:00:00  0.320693  28.320000  ...  18.933332  84.906670   283181971
16230 2025-02-02 20:00:00  0.369597  28.053333  ...  20.300000  86.176670   283181971
16231 2025-02-02 21:00:00  0.242340  27.823334  ...  20.166666  87.406670   283181971
16232 2025-02-02 22:00:00  0.287017  27.680000  ...  20.200000  88.333336   283181971
16233 2025-02-02 23:00:00  0.226417  27.423334  ...  19.500000  89.236670   283181971

[47 rows x 10 columns]
[2025-02-03T00:00:29.093+0000] {taskinstance.py:1373} INFO - Marking task as SUCCESS. dag_id=airqino_etl_to_mongo, task_id=filter_data, execution_date=20250202T000000, start_date=20250203T000028, end_date=20250203T000029
[2025-02-03T00:00:29.137+0000] {local_task_job_runner.py:232} INFO - Task exited with return code 0
[2025-02-03T00:00:29.179+0000] {taskinstance.py:2674} INFO - 1 downstream tasks scheduled from follow-on schedule check
