[2025-01-25T09:46:14.424+0000] {taskinstance.py:1125} INFO - Dependencies all met for dep_context=non-requeueable deps ti=<TaskInstance: airqino_etl_to_mongo.extract_data manual__2025-01-24T00:00:00+00:00 [queued]>
[2025-01-25T09:46:14.433+0000] {taskinstance.py:1125} INFO - Dependencies all met for dep_context=requeueable deps ti=<TaskInstance: airqino_etl_to_mongo.extract_data manual__2025-01-24T00:00:00+00:00 [queued]>
[2025-01-25T09:46:14.434+0000] {taskinstance.py:1331} INFO - Starting attempt 1 of 1
[2025-01-25T09:46:14.456+0000] {taskinstance.py:1350} INFO - Executing <Task(_PythonDecoratedOperator): extract_data> on 2025-01-24 00:00:00+00:00
[2025-01-25T09:46:14.461+0000] {standard_task_runner.py:57} INFO - Started process 415 to run task
[2025-01-25T09:46:14.465+0000] {standard_task_runner.py:84} INFO - Running: ['***', 'tasks', 'run', 'airqino_etl_to_mongo', 'extract_data', 'manual__2025-01-24T00:00:00+00:00', '--job-id', '4', '--raw', '--subdir', 'DAGS_FOLDER/airqino_etl_to_mongo.py', '--cfg-path', '/tmp/tmpih3v5the']
[2025-01-25T09:46:14.466+0000] {standard_task_runner.py:85} INFO - Job 4: Subtask extract_data
[2025-01-25T09:46:14.536+0000] {task_command.py:410} INFO - Running <TaskInstance: airqino_etl_to_mongo.extract_data manual__2025-01-24T00:00:00+00:00 [running]> on host bc5f62e6ab49
[2025-01-25T09:46:14.665+0000] {taskinstance.py:1570} INFO - Exporting env vars: AIRFLOW_CTX_DAG_OWNER='***' AIRFLOW_CTX_DAG_ID='airqino_etl_to_mongo' AIRFLOW_CTX_TASK_ID='extract_data' AIRFLOW_CTX_EXECUTION_DATE='2025-01-24T00:00:00+00:00' AIRFLOW_CTX_TRY_NUMBER='1' AIRFLOW_CTX_DAG_RUN_ID='manual__2025-01-24T00:00:00+00:00'
[2025-01-25T09:46:14.668+0000] {etl.py:16} INFO - Fetching data from https://airqino-api.magentalab.it/v3/getStationHourlyAvg/283164601
[2025-01-25T09:46:20.505+0000] {etl.py:21} INFO - Data fetched successfully
[2025-01-25T09:46:20.508+0000] {python.py:183} INFO - Done. Returned value was:                 timestamp   CO          T  ...       PM10      PM2.5         RH
0     2024-01-26 10:00:00  0.0  30.573334  ...  21.333334  11.566667  79.360000
1     2024-01-26 11:00:00  0.0  29.910000  ...  21.000000  11.400000  70.580000
2     2024-01-26 12:00:00  0.0  32.576668  ...  26.700000  12.200000  63.056667
3     2024-01-26 13:00:00  0.0  33.196667  ...  29.966667  10.733334  51.490000
4     2024-01-26 14:00:00  0.0  33.346670  ...  33.833332  10.000000  43.490000
...                   ...  ...        ...  ...        ...        ...        ...
8519  2025-01-25 05:00:00  0.0  27.366667  ...  13.900000   5.666666  92.180000
8520  2025-01-25 06:00:00  0.0  27.320000  ...   7.266667   2.933333  90.580000
8521  2025-01-25 07:00:00  0.0  27.583334  ...   6.966667   3.100000  89.130005
8522  2025-01-25 08:00:00  0.0  28.216667  ...   7.866667   3.333333  85.890000
8523  2025-01-25 09:00:00  0.0  29.756523  ...   5.478261   2.391304  79.521740

[8524 rows x 9 columns]
[2025-01-25T09:46:20.669+0000] {taskinstance.py:1373} INFO - Marking task as SUCCESS. dag_id=airqino_etl_to_mongo, task_id=extract_data, execution_date=20250124T000000, start_date=20250125T094614, end_date=20250125T094620
[2025-01-25T09:46:20.728+0000] {local_task_job_runner.py:232} INFO - Task exited with return code 0
[2025-01-25T09:46:20.757+0000] {taskinstance.py:2674} INFO - 0 downstream tasks scheduled from follow-on schedule check
[2025-01-25T09:53:14.005+0000] {taskinstance.py:1125} INFO - Dependencies all met for dep_context=non-requeueable deps ti=<TaskInstance: airqino_etl_to_mongo.extract_data manual__2025-01-24T00:00:00+00:00 [queued]>
[2025-01-25T09:53:14.019+0000] {taskinstance.py:1125} INFO - Dependencies all met for dep_context=requeueable deps ti=<TaskInstance: airqino_etl_to_mongo.extract_data manual__2025-01-24T00:00:00+00:00 [queued]>
[2025-01-25T09:53:14.019+0000] {taskinstance.py:1331} INFO - Starting attempt 1 of 1
[2025-01-25T09:53:14.037+0000] {taskinstance.py:1350} INFO - Executing <Task(_PythonDecoratedOperator): extract_data> on 2025-01-24 00:00:00+00:00
[2025-01-25T09:53:14.044+0000] {standard_task_runner.py:57} INFO - Started process 101 to run task
[2025-01-25T09:53:14.048+0000] {standard_task_runner.py:84} INFO - Running: ['***', 'tasks', 'run', 'airqino_etl_to_mongo', 'extract_data', 'manual__2025-01-24T00:00:00+00:00', '--job-id', '6', '--raw', '--subdir', 'DAGS_FOLDER/airqino_etl_to_mongo.py', '--cfg-path', '/tmp/tmpaqnqbpi6']
[2025-01-25T09:53:14.050+0000] {standard_task_runner.py:85} INFO - Job 6: Subtask extract_data
[2025-01-25T09:53:14.137+0000] {task_command.py:410} INFO - Running <TaskInstance: airqino_etl_to_mongo.extract_data manual__2025-01-24T00:00:00+00:00 [running]> on host bc5f62e6ab49
[2025-01-25T09:53:14.240+0000] {taskinstance.py:1570} INFO - Exporting env vars: AIRFLOW_CTX_DAG_OWNER='***' AIRFLOW_CTX_DAG_ID='airqino_etl_to_mongo' AIRFLOW_CTX_TASK_ID='extract_data' AIRFLOW_CTX_EXECUTION_DATE='2025-01-24T00:00:00+00:00' AIRFLOW_CTX_TRY_NUMBER='1' AIRFLOW_CTX_DAG_RUN_ID='manual__2025-01-24T00:00:00+00:00'
[2025-01-25T09:53:14.242+0000] {etl.py:16} INFO - Fetching data from https://airqino-api.magentalab.it/v3/getStationHourlyAvg/283164601
[2025-01-25T09:53:20.205+0000] {etl.py:21} INFO - Data fetched successfully
[2025-01-25T09:53:20.207+0000] {python.py:183} INFO - Done. Returned value was:                 timestamp   CO          T  ...       PM10      PM2.5         RH
0     2024-01-26 10:00:00  0.0  30.573334  ...  21.333334  11.566667  79.360000
1     2024-01-26 11:00:00  0.0  29.910000  ...  21.000000  11.400000  70.580000
2     2024-01-26 12:00:00  0.0  32.576668  ...  26.700000  12.200000  63.056667
3     2024-01-26 13:00:00  0.0  33.196667  ...  29.966667  10.733334  51.490000
4     2024-01-26 14:00:00  0.0  33.346670  ...  33.833332  10.000000  43.490000
...                   ...  ...        ...  ...        ...        ...        ...
8519  2025-01-25 05:00:00  0.0  27.366667  ...  13.900000   5.666666  92.180000
8520  2025-01-25 06:00:00  0.0  27.320000  ...   7.266667   2.933333  90.580000
8521  2025-01-25 07:00:00  0.0  27.583334  ...   6.966667   3.100000  89.130005
8522  2025-01-25 08:00:00  0.0  28.216667  ...   7.866667   3.333333  85.890000
8523  2025-01-25 09:00:00  0.0  29.888890  ...   5.407407   2.407408  78.918520

[8524 rows x 9 columns]
[2025-01-25T09:53:20.462+0000] {taskinstance.py:1373} INFO - Marking task as SUCCESS. dag_id=airqino_etl_to_mongo, task_id=extract_data, execution_date=20250124T000000, start_date=20250125T095314, end_date=20250125T095320
[2025-01-25T09:53:20.519+0000] {local_task_job_runner.py:232} INFO - Task exited with return code 0
[2025-01-25T09:53:20.550+0000] {taskinstance.py:2674} INFO - 1 downstream tasks scheduled from follow-on schedule check
[2025-01-25T09:58:23.967+0000] {taskinstance.py:1125} INFO - Dependencies all met for dep_context=non-requeueable deps ti=<TaskInstance: airqino_etl_to_mongo.extract_data manual__2025-01-24T00:00:00+00:00 [queued]>
[2025-01-25T09:58:23.977+0000] {taskinstance.py:1125} INFO - Dependencies all met for dep_context=requeueable deps ti=<TaskInstance: airqino_etl_to_mongo.extract_data manual__2025-01-24T00:00:00+00:00 [queued]>
[2025-01-25T09:58:23.977+0000] {taskinstance.py:1331} INFO - Starting attempt 1 of 1
[2025-01-25T09:58:23.993+0000] {taskinstance.py:1350} INFO - Executing <Task(_PythonDecoratedOperator): extract_data> on 2025-01-24 00:00:00+00:00
[2025-01-25T09:58:23.998+0000] {standard_task_runner.py:57} INFO - Started process 92 to run task
[2025-01-25T09:58:24.003+0000] {standard_task_runner.py:84} INFO - Running: ['***', 'tasks', 'run', 'airqino_etl_to_mongo', 'extract_data', 'manual__2025-01-24T00:00:00+00:00', '--job-id', '9', '--raw', '--subdir', 'DAGS_FOLDER/airqino_etl_to_mongo.py', '--cfg-path', '/tmp/tmpjhe4y_no']
[2025-01-25T09:58:24.004+0000] {standard_task_runner.py:85} INFO - Job 9: Subtask extract_data
[2025-01-25T09:58:24.072+0000] {task_command.py:410} INFO - Running <TaskInstance: airqino_etl_to_mongo.extract_data manual__2025-01-24T00:00:00+00:00 [running]> on host bc5f62e6ab49
[2025-01-25T09:58:24.196+0000] {taskinstance.py:1570} INFO - Exporting env vars: AIRFLOW_CTX_DAG_OWNER='***' AIRFLOW_CTX_DAG_ID='airqino_etl_to_mongo' AIRFLOW_CTX_TASK_ID='extract_data' AIRFLOW_CTX_EXECUTION_DATE='2025-01-24T00:00:00+00:00' AIRFLOW_CTX_TRY_NUMBER='1' AIRFLOW_CTX_DAG_RUN_ID='manual__2025-01-24T00:00:00+00:00'
[2025-01-25T09:58:24.200+0000] {logging_mixin.py:149} INFO - Extracting data
[2025-01-25T09:58:24.200+0000] {etl.py:16} INFO - Fetching data from https://airqino-api.magentalab.it/v3/getStationHourlyAvg/283164601
[2025-01-25T09:58:29.627+0000] {etl.py:21} INFO - Data fetched successfully
[2025-01-25T09:58:29.630+0000] {python.py:183} INFO - Done. Returned value was:                 timestamp   CO          T  ...       PM10      PM2.5         RH
0     2024-01-26 10:00:00  0.0  30.573334  ...  21.333334  11.566667  79.360000
1     2024-01-26 11:00:00  0.0  29.910000  ...  21.000000  11.400000  70.580000
2     2024-01-26 12:00:00  0.0  32.576668  ...  26.700000  12.200000  63.056667
3     2024-01-26 13:00:00  0.0  33.196667  ...  29.966667  10.733334  51.490000
4     2024-01-26 14:00:00  0.0  33.346670  ...  33.833332  10.000000  43.490000
...                   ...  ...        ...  ...        ...        ...        ...
8519  2025-01-25 05:00:00  0.0  27.366667  ...  13.900000   5.666666  92.180000
8520  2025-01-25 06:00:00  0.0  27.320000  ...   7.266667   2.933333  90.580000
8521  2025-01-25 07:00:00  0.0  27.583334  ...   6.966667   3.100000  89.130005
8522  2025-01-25 08:00:00  0.0  28.216667  ...   7.866667   3.333333  85.890000
8523  2025-01-25 09:00:00  0.0  29.951725  ...   5.620690   2.482759  78.668970

[8524 rows x 9 columns]
[2025-01-25T09:58:29.819+0000] {taskinstance.py:1373} INFO - Marking task as SUCCESS. dag_id=airqino_etl_to_mongo, task_id=extract_data, execution_date=20250124T000000, start_date=20250125T095823, end_date=20250125T095829
[2025-01-25T09:58:29.861+0000] {local_task_job_runner.py:232} INFO - Task exited with return code 0
[2025-01-25T09:58:29.895+0000] {taskinstance.py:2674} INFO - 0 downstream tasks scheduled from follow-on schedule check
[2025-01-25T10:10:58.856+0000] {taskinstance.py:1125} INFO - Dependencies all met for dep_context=non-requeueable deps ti=<TaskInstance: airqino_etl_to_mongo.extract_data manual__2025-01-24T00:00:00+00:00 [queued]>
[2025-01-25T10:10:58.866+0000] {taskinstance.py:1125} INFO - Dependencies all met for dep_context=requeueable deps ti=<TaskInstance: airqino_etl_to_mongo.extract_data manual__2025-01-24T00:00:00+00:00 [queued]>
[2025-01-25T10:10:58.866+0000] {taskinstance.py:1331} INFO - Starting attempt 1 of 1
[2025-01-25T10:10:58.883+0000] {taskinstance.py:1350} INFO - Executing <Task(_PythonDecoratedOperator): extract_data> on 2025-01-24 00:00:00+00:00
[2025-01-25T10:10:58.889+0000] {standard_task_runner.py:57} INFO - Started process 92 to run task
[2025-01-25T10:10:58.894+0000] {standard_task_runner.py:84} INFO - Running: ['***', 'tasks', 'run', 'airqino_etl_to_mongo', 'extract_data', 'manual__2025-01-24T00:00:00+00:00', '--job-id', '11', '--raw', '--subdir', 'DAGS_FOLDER/airqino_etl_to_mongo.py', '--cfg-path', '/tmp/tmpagfd5wg9']
[2025-01-25T10:10:58.896+0000] {standard_task_runner.py:85} INFO - Job 11: Subtask extract_data
[2025-01-25T10:10:58.963+0000] {task_command.py:410} INFO - Running <TaskInstance: airqino_etl_to_mongo.extract_data manual__2025-01-24T00:00:00+00:00 [running]> on host bc5f62e6ab49
[2025-01-25T10:10:59.117+0000] {taskinstance.py:1570} INFO - Exporting env vars: AIRFLOW_CTX_DAG_OWNER='***' AIRFLOW_CTX_DAG_ID='airqino_etl_to_mongo' AIRFLOW_CTX_TASK_ID='extract_data' AIRFLOW_CTX_EXECUTION_DATE='2025-01-24T00:00:00+00:00' AIRFLOW_CTX_TRY_NUMBER='1' AIRFLOW_CTX_DAG_RUN_ID='manual__2025-01-24T00:00:00+00:00'
[2025-01-25T10:10:59.119+0000] {logging_mixin.py:149} INFO - Extracting data
[2025-01-25T10:10:59.119+0000] {etl.py:16} INFO - Fetching data from https://airqino-api.magentalab.it/v3/getStationHourlyAvg/283164601
[2025-01-25T10:11:03.312+0000] {etl.py:21} INFO - Data fetched successfully
[2025-01-25T10:11:03.314+0000] {python.py:183} INFO - Done. Returned value was:                 timestamp   CO          T  ...       PM10      PM2.5         RH
0     2024-01-26 11:00:00  0.0  29.910000  ...  21.000000  11.400000  70.580000
1     2024-01-26 12:00:00  0.0  32.576668  ...  26.700000  12.200000  63.056667
2     2024-01-26 13:00:00  0.0  33.196667  ...  29.966667  10.733334  51.490000
3     2024-01-26 14:00:00  0.0  33.346670  ...  33.833332  10.000000  43.490000
4     2024-01-26 15:00:00  0.0  33.170002  ...  34.566666  10.500000  44.523335
...                   ...  ...        ...  ...        ...        ...        ...
8519  2025-01-25 06:00:00  0.0  27.320000  ...   7.266667   2.933333  90.580000
8520  2025-01-25 07:00:00  0.0  27.583334  ...   6.966667   3.100000  89.130005
8521  2025-01-25 08:00:00  0.0  28.216667  ...   7.866667   3.333333  85.890000
8522  2025-01-25 09:00:00  0.0  29.996668  ...   5.800000   2.533333  78.483340
8523  2025-01-25 10:00:00  0.0  31.060001  ...   9.400000   4.000000  73.500000

[8524 rows x 9 columns]
[2025-01-25T10:11:03.499+0000] {taskinstance.py:1373} INFO - Marking task as SUCCESS. dag_id=airqino_etl_to_mongo, task_id=extract_data, execution_date=20250124T000000, start_date=20250125T101058, end_date=20250125T101103
[2025-01-25T10:11:03.544+0000] {local_task_job_runner.py:232} INFO - Task exited with return code 0
[2025-01-25T10:11:03.577+0000] {taskinstance.py:2674} INFO - 0 downstream tasks scheduled from follow-on schedule check
[2025-01-25T10:14:35.052+0000] {taskinstance.py:1125} INFO - Dependencies all met for dep_context=non-requeueable deps ti=<TaskInstance: airqino_etl_to_mongo.extract_data manual__2025-01-24T00:00:00+00:00 [queued]>
[2025-01-25T10:14:35.062+0000] {taskinstance.py:1125} INFO - Dependencies all met for dep_context=requeueable deps ti=<TaskInstance: airqino_etl_to_mongo.extract_data manual__2025-01-24T00:00:00+00:00 [queued]>
[2025-01-25T10:14:35.063+0000] {taskinstance.py:1331} INFO - Starting attempt 1 of 1
[2025-01-25T10:14:35.079+0000] {taskinstance.py:1350} INFO - Executing <Task(_PythonDecoratedOperator): extract_data> on 2025-01-24 00:00:00+00:00
[2025-01-25T10:14:35.084+0000] {standard_task_runner.py:57} INFO - Started process 83 to run task
[2025-01-25T10:14:35.088+0000] {standard_task_runner.py:84} INFO - Running: ['***', 'tasks', 'run', 'airqino_etl_to_mongo', 'extract_data', 'manual__2025-01-24T00:00:00+00:00', '--job-id', '13', '--raw', '--subdir', 'DAGS_FOLDER/airqino_etl_to_mongo.py', '--cfg-path', '/tmp/tmpnqa_ezny']
[2025-01-25T10:14:35.090+0000] {standard_task_runner.py:85} INFO - Job 13: Subtask extract_data
[2025-01-25T10:14:35.159+0000] {task_command.py:410} INFO - Running <TaskInstance: airqino_etl_to_mongo.extract_data manual__2025-01-24T00:00:00+00:00 [running]> on host bc5f62e6ab49
[2025-01-25T10:14:35.279+0000] {taskinstance.py:1570} INFO - Exporting env vars: AIRFLOW_CTX_DAG_OWNER='***' AIRFLOW_CTX_DAG_ID='airqino_etl_to_mongo' AIRFLOW_CTX_TASK_ID='extract_data' AIRFLOW_CTX_EXECUTION_DATE='2025-01-24T00:00:00+00:00' AIRFLOW_CTX_TRY_NUMBER='1' AIRFLOW_CTX_DAG_RUN_ID='manual__2025-01-24T00:00:00+00:00'
[2025-01-25T10:14:35.280+0000] {logging_mixin.py:149} INFO - Extracting data
[2025-01-25T10:14:35.281+0000] {etl.py:16} INFO - Fetching data from https://airqino-api.magentalab.it/v3/getStationHourlyAvg/283164601
[2025-01-25T10:14:39.222+0000] {etl.py:21} INFO - Data fetched successfully
[2025-01-25T10:14:39.224+0000] {python.py:183} INFO - Done. Returned value was:                 timestamp   CO          T  ...       PM10      PM2.5         RH
0     2024-01-26 11:00:00  0.0  29.910000  ...  21.000000  11.400000  70.580000
1     2024-01-26 12:00:00  0.0  32.576668  ...  26.700000  12.200000  63.056667
2     2024-01-26 13:00:00  0.0  33.196667  ...  29.966667  10.733334  51.490000
3     2024-01-26 14:00:00  0.0  33.346670  ...  33.833332  10.000000  43.490000
4     2024-01-26 15:00:00  0.0  33.170002  ...  34.566666  10.500000  44.523335
...                   ...  ...        ...  ...        ...        ...        ...
8519  2025-01-25 06:00:00  0.0  27.320000  ...   7.266667   2.933333  90.580000
8520  2025-01-25 07:00:00  0.0  27.583334  ...   6.966667   3.100000  89.130005
8521  2025-01-25 08:00:00  0.0  28.216667  ...   7.866667   3.333333  85.890000
8522  2025-01-25 09:00:00  0.0  29.996668  ...   5.800000   2.533333  78.483340
8523  2025-01-25 10:00:00  0.0  31.028572  ...   9.000000   3.857143  73.457146

[8524 rows x 9 columns]
[2025-01-25T10:14:39.424+0000] {taskinstance.py:1373} INFO - Marking task as SUCCESS. dag_id=airqino_etl_to_mongo, task_id=extract_data, execution_date=20250124T000000, start_date=20250125T101435, end_date=20250125T101439
[2025-01-25T10:14:39.465+0000] {local_task_job_runner.py:232} INFO - Task exited with return code 0
[2025-01-25T10:14:39.489+0000] {taskinstance.py:2674} INFO - 0 downstream tasks scheduled from follow-on schedule check
[2025-01-25T10:18:41.650+0000] {taskinstance.py:1125} INFO - Dependencies all met for dep_context=non-requeueable deps ti=<TaskInstance: airqino_etl_to_mongo.extract_data manual__2025-01-24T00:00:00+00:00 [queued]>
[2025-01-25T10:18:41.660+0000] {taskinstance.py:1125} INFO - Dependencies all met for dep_context=requeueable deps ti=<TaskInstance: airqino_etl_to_mongo.extract_data manual__2025-01-24T00:00:00+00:00 [queued]>
[2025-01-25T10:18:41.661+0000] {taskinstance.py:1331} INFO - Starting attempt 1 of 1
[2025-01-25T10:18:41.677+0000] {taskinstance.py:1350} INFO - Executing <Task(_PythonDecoratedOperator): extract_data> on 2025-01-24 00:00:00+00:00
[2025-01-25T10:18:41.684+0000] {standard_task_runner.py:57} INFO - Started process 83 to run task
[2025-01-25T10:18:41.688+0000] {standard_task_runner.py:84} INFO - Running: ['***', 'tasks', 'run', 'airqino_etl_to_mongo', 'extract_data', 'manual__2025-01-24T00:00:00+00:00', '--job-id', '16', '--raw', '--subdir', 'DAGS_FOLDER/airqino_etl_to_mongo.py', '--cfg-path', '/tmp/tmpsjc7eud5']
[2025-01-25T10:18:41.690+0000] {standard_task_runner.py:85} INFO - Job 16: Subtask extract_data
[2025-01-25T10:18:41.762+0000] {task_command.py:410} INFO - Running <TaskInstance: airqino_etl_to_mongo.extract_data manual__2025-01-24T00:00:00+00:00 [running]> on host bc5f62e6ab49
[2025-01-25T10:18:41.870+0000] {taskinstance.py:1570} INFO - Exporting env vars: AIRFLOW_CTX_DAG_OWNER='***' AIRFLOW_CTX_DAG_ID='airqino_etl_to_mongo' AIRFLOW_CTX_TASK_ID='extract_data' AIRFLOW_CTX_EXECUTION_DATE='2025-01-24T00:00:00+00:00' AIRFLOW_CTX_TRY_NUMBER='1' AIRFLOW_CTX_DAG_RUN_ID='manual__2025-01-24T00:00:00+00:00'
[2025-01-25T10:18:41.872+0000] {logging_mixin.py:149} INFO - Extracting data
[2025-01-25T10:18:41.872+0000] {etl.py:16} INFO - Fetching data from https://airqino-api.magentalab.it/v3/getStationHourlyAvg/283164601
[2025-01-25T10:18:47.835+0000] {etl.py:21} INFO - Data fetched successfully
[2025-01-25T10:18:47.838+0000] {python.py:183} INFO - Done. Returned value was:                 timestamp   CO          T  ...       PM10      PM2.5         RH
0     2024-01-26 11:00:00  0.0  29.910000  ...  21.000000  11.400000  70.580000
1     2024-01-26 12:00:00  0.0  32.576668  ...  26.700000  12.200000  63.056667
2     2024-01-26 13:00:00  0.0  33.196667  ...  29.966667  10.733334  51.490000
3     2024-01-26 14:00:00  0.0  33.346670  ...  33.833332  10.000000  43.490000
4     2024-01-26 15:00:00  0.0  33.170002  ...  34.566666  10.500000  44.523335
...                   ...  ...        ...  ...        ...        ...        ...
8519  2025-01-25 06:00:00  0.0  27.320000  ...   7.266667   2.933333  90.580000
8520  2025-01-25 07:00:00  0.0  27.583334  ...   6.966667   3.100000  89.130005
8521  2025-01-25 08:00:00  0.0  28.216667  ...   7.866667   3.333333  85.890000
8522  2025-01-25 09:00:00  0.0  29.996668  ...   5.800000   2.533333  78.483340
8523  2025-01-25 10:00:00  0.0  30.955557  ...   8.555555   3.666667  73.511110

[8524 rows x 9 columns]
[2025-01-25T10:18:48.024+0000] {taskinstance.py:1373} INFO - Marking task as SUCCESS. dag_id=airqino_etl_to_mongo, task_id=extract_data, execution_date=20250124T000000, start_date=20250125T101841, end_date=20250125T101848
[2025-01-25T10:18:48.070+0000] {local_task_job_runner.py:232} INFO - Task exited with return code 0
[2025-01-25T10:18:48.095+0000] {taskinstance.py:2674} INFO - 0 downstream tasks scheduled from follow-on schedule check
[2025-01-25T10:22:33.203+0000] {taskinstance.py:1119} INFO - Dependencies not met for <TaskInstance: airqino_etl_to_mongo.extract_data manual__2025-01-24T00:00:00+00:00 [success]>, dependency 'Task Instance State' FAILED: Task is in the 'success' state.
[2025-01-25T10:22:33.206+0000] {local_task_job_runner.py:161} INFO - Task is not able to be run
[2025-01-25T10:28:42.692+0000] {taskinstance.py:1125} INFO - Dependencies all met for dep_context=non-requeueable deps ti=<TaskInstance: airqino_etl_to_mongo.extract_data manual__2025-01-24T00:00:00+00:00 [queued]>
[2025-01-25T10:28:42.702+0000] {taskinstance.py:1125} INFO - Dependencies all met for dep_context=requeueable deps ti=<TaskInstance: airqino_etl_to_mongo.extract_data manual__2025-01-24T00:00:00+00:00 [queued]>
[2025-01-25T10:28:42.703+0000] {taskinstance.py:1331} INFO - Starting attempt 1 of 1
[2025-01-25T10:28:42.718+0000] {taskinstance.py:1350} INFO - Executing <Task(_PythonDecoratedOperator): extract_data> on 2025-01-24 00:00:00+00:00
[2025-01-25T10:28:42.724+0000] {standard_task_runner.py:57} INFO - Started process 86 to run task
[2025-01-25T10:28:42.727+0000] {standard_task_runner.py:84} INFO - Running: ['***', 'tasks', 'run', 'airqino_etl_to_mongo', 'extract_data', 'manual__2025-01-24T00:00:00+00:00', '--job-id', '24', '--raw', '--subdir', 'DAGS_FOLDER/airqino_etl_to_mongo.py', '--cfg-path', '/tmp/tmpiax5jvhc']
[2025-01-25T10:28:42.729+0000] {standard_task_runner.py:85} INFO - Job 24: Subtask extract_data
[2025-01-25T10:28:42.793+0000] {task_command.py:410} INFO - Running <TaskInstance: airqino_etl_to_mongo.extract_data manual__2025-01-24T00:00:00+00:00 [running]> on host bc5f62e6ab49
[2025-01-25T10:28:42.910+0000] {taskinstance.py:1570} INFO - Exporting env vars: AIRFLOW_CTX_DAG_OWNER='***' AIRFLOW_CTX_DAG_ID='airqino_etl_to_mongo' AIRFLOW_CTX_TASK_ID='extract_data' AIRFLOW_CTX_EXECUTION_DATE='2025-01-24T00:00:00+00:00' AIRFLOW_CTX_TRY_NUMBER='1' AIRFLOW_CTX_DAG_RUN_ID='manual__2025-01-24T00:00:00+00:00'
[2025-01-25T10:28:42.911+0000] {logging_mixin.py:149} INFO - Extracting data
[2025-01-25T10:28:42.911+0000] {etl.py:16} INFO - Fetching data from https://airqino-api.magentalab.it/v3/getStationHourlyAvg/283164601
[2025-01-25T10:28:52.981+0000] {etl.py:21} INFO - Data fetched successfully
[2025-01-25T10:28:52.984+0000] {python.py:183} INFO - Done. Returned value was:                 timestamp   CO          T  ...       PM10      PM2.5         RH
0     2024-01-26 11:00:00  0.0  29.910000  ...  21.000000  11.400000  70.580000
1     2024-01-26 12:00:00  0.0  32.576668  ...  26.700000  12.200000  63.056667
2     2024-01-26 13:00:00  0.0  33.196667  ...  29.966667  10.733334  51.490000
3     2024-01-26 14:00:00  0.0  33.346670  ...  33.833332  10.000000  43.490000
4     2024-01-26 15:00:00  0.0  33.170002  ...  34.566666  10.500000  44.523335
...                   ...  ...        ...  ...        ...        ...        ...
8519  2025-01-25 06:00:00  0.0  27.320000  ...   7.266667   2.933333  90.580000
8520  2025-01-25 07:00:00  0.0  27.583334  ...   6.966667   3.100000  89.130005
8521  2025-01-25 08:00:00  0.0  28.216667  ...   7.866667   3.333333  85.890000
8522  2025-01-25 09:00:00  0.0  29.996668  ...   5.800000   2.533333  78.483340
8523  2025-01-25 10:00:00  0.0  30.842857  ...   7.928571   3.428571  73.850000

[8524 rows x 9 columns]
[2025-01-25T10:28:53.157+0000] {taskinstance.py:1373} INFO - Marking task as SUCCESS. dag_id=airqino_etl_to_mongo, task_id=extract_data, execution_date=20250124T000000, start_date=20250125T102842, end_date=20250125T102853
[2025-01-25T10:28:53.206+0000] {local_task_job_runner.py:232} INFO - Task exited with return code 0
[2025-01-25T10:28:53.234+0000] {taskinstance.py:2674} INFO - 0 downstream tasks scheduled from follow-on schedule check
[2025-01-25T10:37:02.730+0000] {taskinstance.py:1119} INFO - Dependencies not met for <TaskInstance: airqino_etl_to_mongo.extract_data manual__2025-01-24T00:00:00+00:00 [success]>, dependency 'Task Instance State' FAILED: Task is in the 'success' state.
[2025-01-25T10:37:02.742+0000] {local_task_job_runner.py:161} INFO - Task is not able to be run
[2025-01-25T10:42:10.295+0000] {taskinstance.py:1125} INFO - Dependencies all met for dep_context=non-requeueable deps ti=<TaskInstance: airqino_etl_to_mongo.extract_data manual__2025-01-24T00:00:00+00:00 [queued]>
[2025-01-25T10:42:10.308+0000] {taskinstance.py:1125} INFO - Dependencies all met for dep_context=requeueable deps ti=<TaskInstance: airqino_etl_to_mongo.extract_data manual__2025-01-24T00:00:00+00:00 [queued]>
[2025-01-25T10:42:10.308+0000] {taskinstance.py:1331} INFO - Starting attempt 1 of 1
[2025-01-25T10:42:10.336+0000] {taskinstance.py:1350} INFO - Executing <Task(_PythonDecoratedOperator): extract_data> on 2025-01-24 00:00:00+00:00
[2025-01-25T10:42:10.342+0000] {standard_task_runner.py:57} INFO - Started process 95 to run task
[2025-01-25T10:42:10.346+0000] {standard_task_runner.py:84} INFO - Running: ['***', 'tasks', 'run', 'airqino_etl_to_mongo', 'extract_data', 'manual__2025-01-24T00:00:00+00:00', '--job-id', '29', '--raw', '--subdir', 'DAGS_FOLDER/airqino_etl_to_mongo.py', '--cfg-path', '/tmp/tmpkxc180ah']
[2025-01-25T10:42:10.348+0000] {standard_task_runner.py:85} INFO - Job 29: Subtask extract_data
[2025-01-25T10:42:10.454+0000] {task_command.py:410} INFO - Running <TaskInstance: airqino_etl_to_mongo.extract_data manual__2025-01-24T00:00:00+00:00 [running]> on host bc5f62e6ab49
[2025-01-25T10:42:10.561+0000] {taskinstance.py:1570} INFO - Exporting env vars: AIRFLOW_CTX_DAG_OWNER='***' AIRFLOW_CTX_DAG_ID='airqino_etl_to_mongo' AIRFLOW_CTX_TASK_ID='extract_data' AIRFLOW_CTX_EXECUTION_DATE='2025-01-24T00:00:00+00:00' AIRFLOW_CTX_TRY_NUMBER='1' AIRFLOW_CTX_DAG_RUN_ID='manual__2025-01-24T00:00:00+00:00'
[2025-01-25T10:42:10.564+0000] {logging_mixin.py:149} INFO - Extracting data
[2025-01-25T10:42:10.564+0000] {etl.py:16} INFO - Fetching data from https://airqino-api.magentalab.it/v3/getStationHourlyAvg/283164601
[2025-01-25T10:42:15.711+0000] {etl.py:21} INFO - Data fetched successfully
[2025-01-25T10:42:15.713+0000] {python.py:183} INFO - Done. Returned value was:                 timestamp   CO          T  ...       PM10      PM2.5         RH
0     2024-01-26 11:00:00  0.0  29.910000  ...  21.000000  11.400000  70.580000
1     2024-01-26 12:00:00  0.0  32.576668  ...  26.700000  12.200000  63.056667
2     2024-01-26 13:00:00  0.0  33.196667  ...  29.966667  10.733334  51.490000
3     2024-01-26 14:00:00  0.0  33.346670  ...  33.833332  10.000000  43.490000
4     2024-01-26 15:00:00  0.0  33.170002  ...  34.566666  10.500000  44.523335
...                   ...  ...        ...  ...        ...        ...        ...
8519  2025-01-25 06:00:00  0.0  27.320000  ...   7.266667   2.933333  90.580000
8520  2025-01-25 07:00:00  0.0  27.583334  ...   6.966667   3.100000  89.130005
8521  2025-01-25 08:00:00  0.0  28.216667  ...   7.866667   3.333333  85.890000
8522  2025-01-25 09:00:00  0.0  29.996668  ...   5.800000   2.533333  78.483340
8523  2025-01-25 10:00:00  0.0  30.685715  ...   7.619048   3.190476  74.252380

[8524 rows x 9 columns]
[2025-01-25T10:42:15.959+0000] {taskinstance.py:1373} INFO - Marking task as SUCCESS. dag_id=airqino_etl_to_mongo, task_id=extract_data, execution_date=20250124T000000, start_date=20250125T104210, end_date=20250125T104215
[2025-01-25T10:42:15.989+0000] {local_task_job_runner.py:232} INFO - Task exited with return code 0
[2025-01-25T10:42:16.020+0000] {taskinstance.py:2674} INFO - 0 downstream tasks scheduled from follow-on schedule check
[2025-01-25T10:43:52.586+0000] {taskinstance.py:1125} INFO - Dependencies all met for dep_context=non-requeueable deps ti=<TaskInstance: airqino_etl_to_mongo.extract_data manual__2025-01-24T00:00:00+00:00 [queued]>
[2025-01-25T10:43:52.596+0000] {taskinstance.py:1125} INFO - Dependencies all met for dep_context=requeueable deps ti=<TaskInstance: airqino_etl_to_mongo.extract_data manual__2025-01-24T00:00:00+00:00 [queued]>
[2025-01-25T10:43:52.596+0000] {taskinstance.py:1331} INFO - Starting attempt 1 of 1
[2025-01-25T10:43:52.614+0000] {taskinstance.py:1350} INFO - Executing <Task(_PythonDecoratedOperator): extract_data> on 2025-01-24 00:00:00+00:00
[2025-01-25T10:43:52.619+0000] {standard_task_runner.py:57} INFO - Started process 185 to run task
[2025-01-25T10:43:52.624+0000] {standard_task_runner.py:84} INFO - Running: ['***', 'tasks', 'run', 'airqino_etl_to_mongo', 'extract_data', 'manual__2025-01-24T00:00:00+00:00', '--job-id', '31', '--raw', '--subdir', 'DAGS_FOLDER/airqino_etl_to_mongo.py', '--cfg-path', '/tmp/tmp3wqebtgp']
[2025-01-25T10:43:52.626+0000] {standard_task_runner.py:85} INFO - Job 31: Subtask extract_data
[2025-01-25T10:43:52.693+0000] {task_command.py:410} INFO - Running <TaskInstance: airqino_etl_to_mongo.extract_data manual__2025-01-24T00:00:00+00:00 [running]> on host bc5f62e6ab49
[2025-01-25T10:43:52.801+0000] {taskinstance.py:1570} INFO - Exporting env vars: AIRFLOW_CTX_DAG_OWNER='***' AIRFLOW_CTX_DAG_ID='airqino_etl_to_mongo' AIRFLOW_CTX_TASK_ID='extract_data' AIRFLOW_CTX_EXECUTION_DATE='2025-01-24T00:00:00+00:00' AIRFLOW_CTX_TRY_NUMBER='1' AIRFLOW_CTX_DAG_RUN_ID='manual__2025-01-24T00:00:00+00:00'
[2025-01-25T10:43:52.808+0000] {logging_mixin.py:149} INFO - Extracting data
[2025-01-25T10:43:52.808+0000] {etl.py:16} INFO - Fetching data from https://airqino-api.magentalab.it/v3/getStationHourlyAvg/283164601
[2025-01-25T10:43:57.202+0000] {etl.py:21} INFO - Data fetched successfully
[2025-01-25T10:43:57.204+0000] {python.py:183} INFO - Done. Returned value was:                 timestamp   CO          T  ...       PM10      PM2.5         RH
0     2024-01-26 11:00:00  0.0  29.910000  ...  21.000000  11.400000  70.580000
1     2024-01-26 12:00:00  0.0  32.576668  ...  26.700000  12.200000  63.056667
2     2024-01-26 13:00:00  0.0  33.196667  ...  29.966667  10.733334  51.490000
3     2024-01-26 14:00:00  0.0  33.346670  ...  33.833332  10.000000  43.490000
4     2024-01-26 15:00:00  0.0  33.170002  ...  34.566666  10.500000  44.523335
...                   ...  ...        ...  ...        ...        ...        ...
8519  2025-01-25 06:00:00  0.0  27.320000  ...   7.266667   2.933333  90.580000
8520  2025-01-25 07:00:00  0.0  27.583334  ...   6.966667   3.100000  89.130005
8521  2025-01-25 08:00:00  0.0  28.216667  ...   7.866667   3.333333  85.890000
8522  2025-01-25 09:00:00  0.0  29.996668  ...   5.800000   2.533333  78.483340
8523  2025-01-25 10:00:00  0.0  30.681818  ...   7.454546   3.136364  74.213640

[8524 rows x 9 columns]
[2025-01-25T10:43:57.466+0000] {taskinstance.py:1373} INFO - Marking task as SUCCESS. dag_id=airqino_etl_to_mongo, task_id=extract_data, execution_date=20250124T000000, start_date=20250125T104352, end_date=20250125T104357
[2025-01-25T10:43:57.523+0000] {local_task_job_runner.py:232} INFO - Task exited with return code 0
[2025-01-25T10:43:57.558+0000] {taskinstance.py:2674} INFO - 0 downstream tasks scheduled from follow-on schedule check
[2025-01-25T10:49:05.440+0000] {taskinstance.py:1119} INFO - Dependencies not met for <TaskInstance: airqino_etl_to_mongo.extract_data manual__2025-01-24T00:00:00+00:00 [success]>, dependency 'Task Instance State' FAILED: Task is in the 'success' state.
[2025-01-25T10:49:05.442+0000] {local_task_job_runner.py:161} INFO - Task is not able to be run
[2025-01-25T10:51:15.991+0000] {taskinstance.py:1125} INFO - Dependencies all met for dep_context=non-requeueable deps ti=<TaskInstance: airqino_etl_to_mongo.extract_data manual__2025-01-24T00:00:00+00:00 [queued]>
[2025-01-25T10:51:16.002+0000] {taskinstance.py:1125} INFO - Dependencies all met for dep_context=requeueable deps ti=<TaskInstance: airqino_etl_to_mongo.extract_data manual__2025-01-24T00:00:00+00:00 [queued]>
[2025-01-25T10:51:16.003+0000] {taskinstance.py:1331} INFO - Starting attempt 1 of 1
[2025-01-25T10:51:16.022+0000] {taskinstance.py:1350} INFO - Executing <Task(_PythonDecoratedOperator): extract_data> on 2025-01-24 00:00:00+00:00
[2025-01-25T10:51:16.027+0000] {standard_task_runner.py:57} INFO - Started process 541 to run task
[2025-01-25T10:51:16.030+0000] {standard_task_runner.py:84} INFO - Running: ['***', 'tasks', 'run', 'airqino_etl_to_mongo', 'extract_data', 'manual__2025-01-24T00:00:00+00:00', '--job-id', '36', '--raw', '--subdir', 'DAGS_FOLDER/airqino_etl_to_mongo.py', '--cfg-path', '/tmp/tmppgjsmdjt']
[2025-01-25T10:51:16.032+0000] {standard_task_runner.py:85} INFO - Job 36: Subtask extract_data
[2025-01-25T10:51:16.098+0000] {task_command.py:410} INFO - Running <TaskInstance: airqino_etl_to_mongo.extract_data manual__2025-01-24T00:00:00+00:00 [running]> on host bc5f62e6ab49
[2025-01-25T10:51:16.202+0000] {taskinstance.py:1570} INFO - Exporting env vars: AIRFLOW_CTX_DAG_OWNER='***' AIRFLOW_CTX_DAG_ID='airqino_etl_to_mongo' AIRFLOW_CTX_TASK_ID='extract_data' AIRFLOW_CTX_EXECUTION_DATE='2025-01-24T00:00:00+00:00' AIRFLOW_CTX_TRY_NUMBER='1' AIRFLOW_CTX_DAG_RUN_ID='manual__2025-01-24T00:00:00+00:00'
[2025-01-25T10:51:16.203+0000] {logging_mixin.py:149} INFO - Extracting data
[2025-01-25T10:51:16.204+0000] {etl.py:16} INFO - Fetching data from https://airqino-api.magentalab.it/v3/getStationHourlyAvg/283164601
[2025-01-25T10:51:22.390+0000] {etl.py:21} INFO - Data fetched successfully
[2025-01-25T10:51:22.392+0000] {python.py:183} INFO - Done. Returned value was:                 timestamp   CO          T  ...       PM10      PM2.5         RH
0     2024-01-26 11:00:00  0.0  29.910000  ...  21.000000  11.400000  70.580000
1     2024-01-26 12:00:00  0.0  32.576668  ...  26.700000  12.200000  63.056667
2     2024-01-26 13:00:00  0.0  33.196667  ...  29.966667  10.733334  51.490000
3     2024-01-26 14:00:00  0.0  33.346670  ...  33.833332  10.000000  43.490000
4     2024-01-26 15:00:00  0.0  33.170002  ...  34.566666  10.500000  44.523335
...                   ...  ...        ...  ...        ...        ...        ...
8519  2025-01-25 06:00:00  0.0  27.320000  ...   7.266667   2.933333  90.580000
8520  2025-01-25 07:00:00  0.0  27.583334  ...   6.966667   3.100000  89.130005
8521  2025-01-25 08:00:00  0.0  28.216667  ...   7.866667   3.333333  85.890000
8522  2025-01-25 09:00:00  0.0  29.996668  ...   5.800000   2.533333  78.483340
8523  2025-01-25 10:00:00  0.0  30.719230  ...   7.153846   3.115385  73.930770

[8524 rows x 9 columns]
[2025-01-25T10:51:22.551+0000] {taskinstance.py:1373} INFO - Marking task as SUCCESS. dag_id=airqino_etl_to_mongo, task_id=extract_data, execution_date=20250124T000000, start_date=20250125T105115, end_date=20250125T105122
[2025-01-25T10:51:22.579+0000] {local_task_job_runner.py:232} INFO - Task exited with return code 0
[2025-01-25T10:51:22.611+0000] {taskinstance.py:2674} INFO - 1 downstream tasks scheduled from follow-on schedule check
[2025-01-25T11:31:20.063+0000] {taskinstance.py:1125} INFO - Dependencies all met for dep_context=non-requeueable deps ti=<TaskInstance: airqino_etl_to_mongo.extract_data manual__2025-01-24T00:00:00+00:00 [queued]>
[2025-01-25T11:31:20.074+0000] {taskinstance.py:1125} INFO - Dependencies all met for dep_context=requeueable deps ti=<TaskInstance: airqino_etl_to_mongo.extract_data manual__2025-01-24T00:00:00+00:00 [queued]>
[2025-01-25T11:31:20.075+0000] {taskinstance.py:1331} INFO - Starting attempt 1 of 1
[2025-01-25T11:31:20.091+0000] {taskinstance.py:1350} INFO - Executing <Task(_PythonDecoratedOperator): extract_data> on 2025-01-24 00:00:00+00:00
[2025-01-25T11:31:20.096+0000] {standard_task_runner.py:57} INFO - Started process 173 to run task
[2025-01-25T11:31:20.099+0000] {standard_task_runner.py:84} INFO - Running: ['***', 'tasks', 'run', 'airqino_etl_to_mongo', 'extract_data', 'manual__2025-01-24T00:00:00+00:00', '--job-id', '4', '--raw', '--subdir', 'DAGS_FOLDER/airqino_etl_to_mongo.py', '--cfg-path', '/tmp/tmp5yvfzpqm']
[2025-01-25T11:31:20.101+0000] {standard_task_runner.py:85} INFO - Job 4: Subtask extract_data
[2025-01-25T11:31:20.164+0000] {task_command.py:410} INFO - Running <TaskInstance: airqino_etl_to_mongo.extract_data manual__2025-01-24T00:00:00+00:00 [running]> on host b6cb9c2ddee3
[2025-01-25T11:31:20.268+0000] {taskinstance.py:1570} INFO - Exporting env vars: AIRFLOW_CTX_DAG_OWNER='***' AIRFLOW_CTX_DAG_ID='airqino_etl_to_mongo' AIRFLOW_CTX_TASK_ID='extract_data' AIRFLOW_CTX_EXECUTION_DATE='2025-01-24T00:00:00+00:00' AIRFLOW_CTX_TRY_NUMBER='1' AIRFLOW_CTX_DAG_RUN_ID='manual__2025-01-24T00:00:00+00:00'
[2025-01-25T11:31:20.269+0000] {logging_mixin.py:149} INFO - Extracting data
[2025-01-25T11:31:25.139+0000] {python.py:183} INFO - Done. Returned value was:                 timestamp   CO          T  ...       PM10      PM2.5         RH
0     2024-01-26 12:00:00  0.0  32.576668  ...  26.700000  12.200000  63.056667
1     2024-01-26 13:00:00  0.0  33.196667  ...  29.966667  10.733334  51.490000
2     2024-01-26 14:00:00  0.0  33.346670  ...  33.833332  10.000000  43.490000
3     2024-01-26 15:00:00  0.0  33.170002  ...  34.566666  10.500000  44.523335
4     2024-01-26 16:00:00  0.0  32.826668  ...  36.900000  10.966666  47.273335
...                   ...  ...        ...  ...        ...        ...        ...
8519  2025-01-25 07:00:00  0.0  27.583334  ...   6.966667   3.100000  89.130005
8520  2025-01-25 08:00:00  0.0  28.216667  ...   7.866667   3.333333  85.890000
8521  2025-01-25 09:00:00  0.0  29.996668  ...   5.800000   2.533333  78.483340
8522  2025-01-25 10:00:00  0.0  30.846666  ...   7.433333   3.100000  73.240000
8523  2025-01-25 11:00:00  0.0  31.943750  ...   6.062500   2.375000  67.975000

[8524 rows x 9 columns]
[2025-01-25T11:31:25.324+0000] {taskinstance.py:1373} INFO - Marking task as SUCCESS. dag_id=airqino_etl_to_mongo, task_id=extract_data, execution_date=20250124T000000, start_date=20250125T113120, end_date=20250125T113125
[2025-01-25T11:31:25.377+0000] {local_task_job_runner.py:232} INFO - Task exited with return code 0
[2025-01-25T11:31:25.402+0000] {taskinstance.py:2674} INFO - 0 downstream tasks scheduled from follow-on schedule check
[2025-01-25T11:32:54.508+0000] {taskinstance.py:1125} INFO - Dependencies all met for dep_context=non-requeueable deps ti=<TaskInstance: airqino_etl_to_mongo.extract_data manual__2025-01-24T00:00:00+00:00 [queued]>
[2025-01-25T11:32:54.517+0000] {taskinstance.py:1125} INFO - Dependencies all met for dep_context=requeueable deps ti=<TaskInstance: airqino_etl_to_mongo.extract_data manual__2025-01-24T00:00:00+00:00 [queued]>
[2025-01-25T11:32:54.518+0000] {taskinstance.py:1331} INFO - Starting attempt 1 of 1
[2025-01-25T11:32:54.534+0000] {taskinstance.py:1350} INFO - Executing <Task(_PythonDecoratedOperator): extract_data> on 2025-01-24 00:00:00+00:00
[2025-01-25T11:32:54.538+0000] {standard_task_runner.py:57} INFO - Started process 295 to run task
[2025-01-25T11:32:54.542+0000] {standard_task_runner.py:84} INFO - Running: ['***', 'tasks', 'run', 'airqino_etl_to_mongo', 'extract_data', 'manual__2025-01-24T00:00:00+00:00', '--job-id', '6', '--raw', '--subdir', 'DAGS_FOLDER/airqino_etl_to_mongo.py', '--cfg-path', '/tmp/tmpi1mq2zti']
[2025-01-25T11:32:54.544+0000] {standard_task_runner.py:85} INFO - Job 6: Subtask extract_data
[2025-01-25T11:32:54.612+0000] {task_command.py:410} INFO - Running <TaskInstance: airqino_etl_to_mongo.extract_data manual__2025-01-24T00:00:00+00:00 [running]> on host b6cb9c2ddee3
[2025-01-25T11:32:54.715+0000] {taskinstance.py:1570} INFO - Exporting env vars: AIRFLOW_CTX_DAG_OWNER='***' AIRFLOW_CTX_DAG_ID='airqino_etl_to_mongo' AIRFLOW_CTX_TASK_ID='extract_data' AIRFLOW_CTX_EXECUTION_DATE='2025-01-24T00:00:00+00:00' AIRFLOW_CTX_TRY_NUMBER='1' AIRFLOW_CTX_DAG_RUN_ID='manual__2025-01-24T00:00:00+00:00'
[2025-01-25T11:32:54.716+0000] {logging_mixin.py:149} INFO - Extracting data
[2025-01-25T11:33:00.788+0000] {python.py:183} INFO - Done. Returned value was:                 timestamp   CO          T  ...       PM10      PM2.5         RH
0     2024-01-26 12:00:00  0.0  32.576668  ...  26.700000  12.200000  63.056667
1     2024-01-26 13:00:00  0.0  33.196667  ...  29.966667  10.733334  51.490000
2     2024-01-26 14:00:00  0.0  33.346670  ...  33.833332  10.000000  43.490000
3     2024-01-26 15:00:00  0.0  33.170002  ...  34.566666  10.500000  44.523335
4     2024-01-26 16:00:00  0.0  32.826668  ...  36.900000  10.966666  47.273335
...                   ...  ...        ...  ...        ...        ...        ...
8519  2025-01-25 07:00:00  0.0  27.583334  ...   6.966667   3.100000  89.130005
8520  2025-01-25 08:00:00  0.0  28.216667  ...   7.866667   3.333333  85.890000
8521  2025-01-25 09:00:00  0.0  29.996668  ...   5.800000   2.533333  78.483340
8522  2025-01-25 10:00:00  0.0  30.846666  ...   7.433333   3.100000  73.240000
8523  2025-01-25 11:00:00  0.0  31.929413  ...   6.176471   2.411765  67.964710

[8524 rows x 9 columns]
[2025-01-25T11:33:00.950+0000] {taskinstance.py:1373} INFO - Marking task as SUCCESS. dag_id=airqino_etl_to_mongo, task_id=extract_data, execution_date=20250124T000000, start_date=20250125T113254, end_date=20250125T113300
[2025-01-25T11:33:00.979+0000] {local_task_job_runner.py:232} INFO - Task exited with return code 0
[2025-01-25T11:33:01.000+0000] {taskinstance.py:2674} INFO - 0 downstream tasks scheduled from follow-on schedule check
[2025-01-25T11:34:32.521+0000] {taskinstance.py:1125} INFO - Dependencies all met for dep_context=non-requeueable deps ti=<TaskInstance: airqino_etl_to_mongo.extract_data manual__2025-01-24T00:00:00+00:00 [queued]>
[2025-01-25T11:34:32.536+0000] {taskinstance.py:1125} INFO - Dependencies all met for dep_context=requeueable deps ti=<TaskInstance: airqino_etl_to_mongo.extract_data manual__2025-01-24T00:00:00+00:00 [queued]>
[2025-01-25T11:34:32.537+0000] {taskinstance.py:1331} INFO - Starting attempt 1 of 1
[2025-01-25T11:34:32.557+0000] {taskinstance.py:1350} INFO - Executing <Task(_PythonDecoratedOperator): extract_data> on 2025-01-24 00:00:00+00:00
[2025-01-25T11:34:32.562+0000] {standard_task_runner.py:57} INFO - Started process 442 to run task
[2025-01-25T11:34:32.567+0000] {standard_task_runner.py:84} INFO - Running: ['***', 'tasks', 'run', 'airqino_etl_to_mongo', 'extract_data', 'manual__2025-01-24T00:00:00+00:00', '--job-id', '9', '--raw', '--subdir', 'DAGS_FOLDER/airqino_etl_to_mongo.py', '--cfg-path', '/tmp/tmpoxjv8_v5']
[2025-01-25T11:34:32.569+0000] {standard_task_runner.py:85} INFO - Job 9: Subtask extract_data
[2025-01-25T11:34:32.639+0000] {task_command.py:410} INFO - Running <TaskInstance: airqino_etl_to_mongo.extract_data manual__2025-01-24T00:00:00+00:00 [running]> on host b6cb9c2ddee3
[2025-01-25T11:34:32.785+0000] {taskinstance.py:1570} INFO - Exporting env vars: AIRFLOW_CTX_DAG_OWNER='***' AIRFLOW_CTX_DAG_ID='airqino_etl_to_mongo' AIRFLOW_CTX_TASK_ID='extract_data' AIRFLOW_CTX_EXECUTION_DATE='2025-01-24T00:00:00+00:00' AIRFLOW_CTX_TRY_NUMBER='2' AIRFLOW_CTX_DAG_RUN_ID='manual__2025-01-24T00:00:00+00:00'
[2025-01-25T11:34:32.788+0000] {logging_mixin.py:149} INFO - Extracting data
[2025-01-25T11:34:37.728+0000] {python.py:183} INFO - Done. Returned value was:                 timestamp   CO          T  ...       PM10      PM2.5         RH
0     2024-01-26 12:00:00  0.0  32.576668  ...  26.700000  12.200000  63.056667
1     2024-01-26 13:00:00  0.0  33.196667  ...  29.966667  10.733334  51.490000
2     2024-01-26 14:00:00  0.0  33.346670  ...  33.833332  10.000000  43.490000
3     2024-01-26 15:00:00  0.0  33.170002  ...  34.566666  10.500000  44.523335
4     2024-01-26 16:00:00  0.0  32.826668  ...  36.900000  10.966666  47.273335
...                   ...  ...        ...  ...        ...        ...        ...
8519  2025-01-25 07:00:00  0.0  27.583334  ...   6.966667   3.100000  89.130005
8520  2025-01-25 08:00:00  0.0  28.216667  ...   7.866667   3.333333  85.890000
8521  2025-01-25 09:00:00  0.0  29.996668  ...   5.800000   2.533333  78.483340
8522  2025-01-25 10:00:00  0.0  30.846666  ...   7.433333   3.100000  73.240000
8523  2025-01-25 11:00:00  0.0  31.929413  ...   6.176471   2.411765  67.964710

[8524 rows x 9 columns]
[2025-01-25T11:34:37.890+0000] {taskinstance.py:1373} INFO - Marking task as SUCCESS. dag_id=airqino_etl_to_mongo, task_id=extract_data, execution_date=20250124T000000, start_date=20250125T113432, end_date=20250125T113437
[2025-01-25T11:34:37.934+0000] {local_task_job_runner.py:232} INFO - Task exited with return code 0
[2025-01-25T11:34:37.962+0000] {taskinstance.py:2674} INFO - 0 downstream tasks scheduled from follow-on schedule check
[2025-01-25T11:36:29.003+0000] {taskinstance.py:1119} INFO - Dependencies not met for <TaskInstance: airqino_etl_to_mongo.extract_data manual__2025-01-24T00:00:00+00:00 [success]>, dependency 'Task Instance State' FAILED: Task is in the 'success' state.
[2025-01-25T11:36:29.013+0000] {local_task_job_runner.py:161} INFO - Task is not able to be run
[2025-01-25T11:37:51.431+0000] {taskinstance.py:1119} INFO - Dependencies not met for <TaskInstance: airqino_etl_to_mongo.extract_data manual__2025-01-24T00:00:00+00:00 [success]>, dependency 'Task Instance State' FAILED: Task is in the 'success' state.
[2025-01-25T11:37:51.434+0000] {local_task_job_runner.py:161} INFO - Task is not able to be run
[2025-01-25T11:38:43.470+0000] {taskinstance.py:1119} INFO - Dependencies not met for <TaskInstance: airqino_etl_to_mongo.extract_data manual__2025-01-24T00:00:00+00:00 [success]>, dependency 'Task Instance State' FAILED: Task is in the 'success' state.
[2025-01-25T11:38:43.471+0000] {local_task_job_runner.py:161} INFO - Task is not able to be run
[2025-01-25T11:40:33.999+0000] {taskinstance.py:1125} INFO - Dependencies all met for dep_context=non-requeueable deps ti=<TaskInstance: airqino_etl_to_mongo.extract_data manual__2025-01-24T00:00:00+00:00 [queued]>
[2025-01-25T11:40:34.009+0000] {taskinstance.py:1125} INFO - Dependencies all met for dep_context=requeueable deps ti=<TaskInstance: airqino_etl_to_mongo.extract_data manual__2025-01-24T00:00:00+00:00 [queued]>
[2025-01-25T11:40:34.009+0000] {taskinstance.py:1331} INFO - Starting attempt 1 of 1
[2025-01-25T11:40:34.025+0000] {taskinstance.py:1350} INFO - Executing <Task(_PythonDecoratedOperator): extract_data> on 2025-01-24 00:00:00+00:00
[2025-01-25T11:40:34.029+0000] {standard_task_runner.py:57} INFO - Started process 868 to run task
[2025-01-25T11:40:34.033+0000] {standard_task_runner.py:84} INFO - Running: ['***', 'tasks', 'run', 'airqino_etl_to_mongo', 'extract_data', 'manual__2025-01-24T00:00:00+00:00', '--job-id', '16', '--raw', '--subdir', 'DAGS_FOLDER/airqino_etl_to_mongo.py', '--cfg-path', '/tmp/tmp8btoknlo']
[2025-01-25T11:40:34.034+0000] {standard_task_runner.py:85} INFO - Job 16: Subtask extract_data
[2025-01-25T11:40:34.095+0000] {task_command.py:410} INFO - Running <TaskInstance: airqino_etl_to_mongo.extract_data manual__2025-01-24T00:00:00+00:00 [running]> on host b6cb9c2ddee3
[2025-01-25T11:40:34.197+0000] {taskinstance.py:1570} INFO - Exporting env vars: AIRFLOW_CTX_DAG_OWNER='***' AIRFLOW_CTX_DAG_ID='airqino_etl_to_mongo' AIRFLOW_CTX_TASK_ID='extract_data' AIRFLOW_CTX_EXECUTION_DATE='2025-01-24T00:00:00+00:00' AIRFLOW_CTX_TRY_NUMBER='1' AIRFLOW_CTX_DAG_RUN_ID='manual__2025-01-24T00:00:00+00:00'
[2025-01-25T11:40:49.205+0000] {local_task_job_runner.py:299} WARNING - State of this instance has been externally set to success. Terminating instance.
[2025-01-25T11:40:49.207+0000] {process_utils.py:135} INFO - Sending Signals.SIGTERM to group 868. PIDs of all processes in the group: [868]
[2025-01-25T11:40:49.207+0000] {process_utils.py:86} INFO - Sending the signal Signals.SIGTERM to group 868
[2025-01-25T11:40:49.208+0000] {taskinstance.py:1540} ERROR - Received SIGTERM. Terminating subprocesses.
[2025-01-25T11:40:49.237+0000] {process_utils.py:79} INFO - Process psutil.Process(pid=868, status='terminated', exitcode=0, started='11:40:33') (868) terminated with exit code 0
