[2025-02-03T06:57:50.399+0000] {taskinstance.py:1125} INFO - Dependencies all met for dep_context=non-requeueable deps ti=<TaskInstance: airqino_etl_to_mongo.extract_data scheduled__2025-02-02T00:00:00+00:00 [queued]>
[2025-02-03T06:57:50.419+0000] {taskinstance.py:1125} INFO - Dependencies all met for dep_context=requeueable deps ti=<TaskInstance: airqino_etl_to_mongo.extract_data scheduled__2025-02-02T00:00:00+00:00 [queued]>
[2025-02-03T06:57:50.420+0000] {taskinstance.py:1331} INFO - Starting attempt 1 of 1
[2025-02-03T06:57:50.461+0000] {taskinstance.py:1350} INFO - Executing <Task(_PythonDecoratedOperator): extract_data> on 2025-02-02 00:00:00+00:00
[2025-02-03T06:57:50.477+0000] {standard_task_runner.py:57} INFO - Started process 113 to run task
[2025-02-03T06:57:50.485+0000] {standard_task_runner.py:84} INFO - Running: ['airflow', 'tasks', 'run', 'airqino_etl_to_mongo', 'extract_data', 'scheduled__2025-02-02T00:00:00+00:00', '--job-id', '2', '--raw', '--subdir', 'DAGS_FOLDER/airqino_etl_to_mongo.py', '--cfg-path', '/tmp/tmp8xvgfbv6']
[2025-02-03T06:57:50.488+0000] {standard_task_runner.py:85} INFO - Job 2: Subtask extract_data
[2025-02-03T06:57:50.640+0000] {task_command.py:410} INFO - Running <TaskInstance: airqino_etl_to_mongo.extract_data scheduled__2025-02-02T00:00:00+00:00 [running]> on host b03e1ab1774b
[2025-02-03T06:57:52.091+0000] {taskinstance.py:1570} INFO - Exporting env vars: AIRFLOW_CTX_DAG_OWNER='airflow' AIRFLOW_CTX_DAG_ID='airqino_etl_to_mongo' AIRFLOW_CTX_TASK_ID='extract_data' AIRFLOW_CTX_EXECUTION_DATE='2025-02-02T00:00:00+00:00' AIRFLOW_CTX_TRY_NUMBER='1' AIRFLOW_CTX_DAG_RUN_ID='scheduled__2025-02-02T00:00:00+00:00'
[2025-02-03T06:58:00.007+0000] {python.py:183} INFO - Done. Returned value was:                  timestamp        CO  ...         RH  station_id
0      2024-02-04 07:00:00  0.000000  ...  97.650000   283164601
1      2024-02-04 08:00:00  0.000000  ...  95.590004   283164601
2      2024-02-04 09:00:00  0.000000  ...  88.430000   283164601
3      2024-02-04 10:00:00  0.000000  ...  81.630005   283164601
4      2024-02-04 11:00:00  0.000000  ...  67.316666   283164601
...                    ...       ...  ...        ...         ...
16236  2025-02-03 02:00:00  0.000000  ...  88.993330   283181971
16237  2025-02-03 03:00:00  0.000000  ...  89.123340   283181971
16238  2025-02-03 04:00:00  0.003813  ...  89.023340   283181971
16239  2025-02-03 05:00:00  0.051420  ...  89.493330   283181971
16240  2025-02-03 06:00:00  0.269179  ...  89.720690   283181971

[16241 rows x 10 columns]
[2025-02-03T06:58:00.367+0000] {taskinstance.py:1373} INFO - Marking task as SUCCESS. dag_id=airqino_etl_to_mongo, task_id=extract_data, execution_date=20250202T000000, start_date=20250203T065750, end_date=20250203T065800
[2025-02-03T06:58:00.440+0000] {local_task_job_runner.py:232} INFO - Task exited with return code 0
[2025-02-03T06:58:00.552+0000] {taskinstance.py:2674} INFO - 1 downstream tasks scheduled from follow-on schedule check
