[2025-02-03T07:20:23.674+0000] {manager.py:487} INFO - Processing files using up to 1 processes at a time 
[2025-02-03T07:20:23.675+0000] {manager.py:488} INFO - Process each file at most once every 30 seconds
[2025-02-03T07:20:23.676+0000] {manager.py:490} INFO - Checking for new files in /opt/airflow/dags every 300 seconds
[2025-02-03T07:20:23.677+0000] {manager.py:758} INFO - Searching for files in /opt/airflow/dags
[2025-02-03T07:20:23.690+0000] {manager.py:761} INFO - There are 1 files in /opt/airflow/dags
[2025-02-03T07:20:24.845+0000] {manager.py:889} INFO - 
================================================================================
DAG File Processing Stats

File Path                                  PID    Runtime      # DAGs    # Errors  Last Runtime    Last Run
-----------------------------------------  -----  ---------  --------  ----------  --------------  -------------------
/opt/airflow/dags/airqino_etl_to_mongo.py                           1           0  1.02s           2025-02-03T07:20:24
================================================================================
[2025-02-03T07:20:56.460+0000] {manager.py:889} INFO - 
================================================================================
DAG File Processing Stats

File Path                                  PID    Runtime      # DAGs    # Errors  Last Runtime    Last Run
-----------------------------------------  -----  ---------  --------  ----------  --------------  -------------------
/opt/airflow/dags/airqino_etl_to_mongo.py                           1           0  1.33s           2025-02-03T07:20:56
================================================================================
[2025-02-03T07:21:28.259+0000] {manager.py:889} INFO - 
================================================================================
DAG File Processing Stats

File Path                                  PID    Runtime      # DAGs    # Errors  Last Runtime    Last Run
-----------------------------------------  -----  ---------  --------  ----------  --------------  -------------------
/opt/airflow/dags/airqino_etl_to_mongo.py                           1           0  1.33s           2025-02-03T07:21:28
================================================================================
[2025-02-03T07:21:59.941+0000] {manager.py:889} INFO - 
================================================================================
DAG File Processing Stats

File Path                                  PID    Runtime      # DAGs    # Errors  Last Runtime    Last Run
-----------------------------------------  -----  ---------  --------  ----------  --------------  -------------------
/opt/airflow/dags/airqino_etl_to_mongo.py                           1           0  1.23s           2025-02-03T07:21:59
================================================================================
[2025-02-03T07:22:36.539+0000] {manager.py:889} INFO - 
================================================================================
DAG File Processing Stats

File Path                                  PID    Runtime      # DAGs    # Errors  Last Runtime    Last Run
-----------------------------------------  -----  ---------  --------  ----------  --------------  -------------------
/opt/airflow/dags/airqino_etl_to_mongo.py                           1           0  1.32s           2025-02-03T07:22:36
================================================================================
[2025-02-03T07:23:09.084+0000] {manager.py:889} INFO - 
================================================================================
DAG File Processing Stats

File Path                                  PID    Runtime      # DAGs    # Errors  Last Runtime    Last Run
-----------------------------------------  -----  ---------  --------  ----------  --------------  -------------------
/opt/airflow/dags/airqino_etl_to_mongo.py                           1           0  1.36s           2025-02-03T07:23:09
================================================================================
[2025-02-03T07:23:40.402+0000] {manager.py:889} INFO - 
================================================================================
DAG File Processing Stats

File Path                                  PID    Runtime      # DAGs    # Errors  Last Runtime    Last Run
-----------------------------------------  -----  ---------  --------  ----------  --------------  -------------------
/opt/airflow/dags/airqino_etl_to_mongo.py                           1           0  1.23s           2025-02-03T07:23:40
================================================================================
[2025-02-03T07:24:13.260+0000] {manager.py:889} INFO - 
================================================================================
DAG File Processing Stats

File Path                                  PID    Runtime      # DAGs    # Errors  Last Runtime    Last Run
-----------------------------------------  -----  ---------  --------  ----------  --------------  -------------------
/opt/airflow/dags/airqino_etl_to_mongo.py                           1           0  2.16s           2025-02-03T07:24:13
================================================================================
