[2025-02-03T06:56:55.110+0000] {processor.py:156} INFO - Started process (PID=54) to work on /opt/airflow/dags/airqino_etl_to_mongo.py
[2025-02-03T06:56:55.111+0000] {processor.py:799} INFO - Processing file /opt/airflow/dags/airqino_etl_to_mongo.py for tasks to queue
[2025-02-03T06:56:55.114+0000] {logging_mixin.py:149} INFO - [2025-02-03T06:56:55.114+0000] {dagbag.py:541} INFO - Filling up the DagBag from /opt/airflow/dags/airqino_etl_to_mongo.py
[2025-02-03T06:56:56.131+0000] {processor.py:809} INFO - DAG(s) dict_keys(['airqino_etl_to_mongo']) retrieved from /opt/airflow/dags/airqino_etl_to_mongo.py
[2025-02-03T06:56:56.153+0000] {logging_mixin.py:149} INFO - [2025-02-03T06:56:56.151+0000] {dag.py:2726} INFO - Sync 1 DAGs
[2025-02-03T06:56:56.209+0000] {logging_mixin.py:149} INFO - [2025-02-03T06:56:56.209+0000] {dag.py:3490} INFO - Setting next_dagrun for airqino_etl_to_mongo to 2025-02-02T00:00:00+00:00, run_after=2025-02-03T00:00:00+00:00
[2025-02-03T06:56:56.286+0000] {processor.py:178} INFO - Processing /opt/airflow/dags/airqino_etl_to_mongo.py took 1.182 seconds
[2025-02-03T06:57:26.769+0000] {processor.py:156} INFO - Started process (PID=81) to work on /opt/airflow/dags/airqino_etl_to_mongo.py
[2025-02-03T06:57:26.771+0000] {processor.py:799} INFO - Processing file /opt/airflow/dags/airqino_etl_to_mongo.py for tasks to queue
[2025-02-03T06:57:26.773+0000] {logging_mixin.py:149} INFO - [2025-02-03T06:57:26.773+0000] {dagbag.py:541} INFO - Filling up the DagBag from /opt/airflow/dags/airqino_etl_to_mongo.py
[2025-02-03T06:57:27.806+0000] {processor.py:809} INFO - DAG(s) dict_keys(['airqino_etl_to_mongo']) retrieved from /opt/airflow/dags/airqino_etl_to_mongo.py
[2025-02-03T06:57:27.849+0000] {logging_mixin.py:149} INFO - [2025-02-03T06:57:27.849+0000] {dag.py:2726} INFO - Sync 1 DAGs
[2025-02-03T06:57:27.896+0000] {logging_mixin.py:149} INFO - [2025-02-03T06:57:27.895+0000] {dag.py:3490} INFO - Setting next_dagrun for airqino_etl_to_mongo to 2025-02-02T00:00:00+00:00, run_after=2025-02-03T00:00:00+00:00
[2025-02-03T06:57:28.004+0000] {processor.py:178} INFO - Processing /opt/airflow/dags/airqino_etl_to_mongo.py took 1.240 seconds
[2025-02-03T06:58:01.309+0000] {processor.py:156} INFO - Started process (PID=126) to work on /opt/airflow/dags/airqino_etl_to_mongo.py
[2025-02-03T06:58:01.311+0000] {processor.py:799} INFO - Processing file /opt/airflow/dags/airqino_etl_to_mongo.py for tasks to queue
[2025-02-03T06:58:01.313+0000] {logging_mixin.py:149} INFO - [2025-02-03T06:58:01.312+0000] {dagbag.py:541} INFO - Filling up the DagBag from /opt/airflow/dags/airqino_etl_to_mongo.py
[2025-02-03T06:58:02.313+0000] {processor.py:809} INFO - DAG(s) dict_keys(['airqino_etl_to_mongo']) retrieved from /opt/airflow/dags/airqino_etl_to_mongo.py
[2025-02-03T06:58:02.349+0000] {logging_mixin.py:149} INFO - [2025-02-03T06:58:02.348+0000] {dag.py:2726} INFO - Sync 1 DAGs
[2025-02-03T06:58:02.402+0000] {logging_mixin.py:149} INFO - [2025-02-03T06:58:02.402+0000] {dag.py:3490} INFO - Setting next_dagrun for airqino_etl_to_mongo to 2025-02-03T00:00:00+00:00, run_after=2025-02-04T00:00:00+00:00
[2025-02-03T06:58:02.440+0000] {processor.py:178} INFO - Processing /opt/airflow/dags/airqino_etl_to_mongo.py took 1.138 seconds
[2025-02-03T06:58:32.982+0000] {processor.py:156} INFO - Started process (PID=231) to work on /opt/airflow/dags/airqino_etl_to_mongo.py
[2025-02-03T06:58:32.987+0000] {processor.py:799} INFO - Processing file /opt/airflow/dags/airqino_etl_to_mongo.py for tasks to queue
[2025-02-03T06:58:32.989+0000] {logging_mixin.py:149} INFO - [2025-02-03T06:58:32.988+0000] {dagbag.py:541} INFO - Filling up the DagBag from /opt/airflow/dags/airqino_etl_to_mongo.py
[2025-02-03T06:58:33.902+0000] {processor.py:809} INFO - DAG(s) dict_keys(['airqino_etl_to_mongo']) retrieved from /opt/airflow/dags/airqino_etl_to_mongo.py
[2025-02-03T06:58:33.938+0000] {logging_mixin.py:149} INFO - [2025-02-03T06:58:33.937+0000] {dag.py:2726} INFO - Sync 1 DAGs
[2025-02-03T06:58:33.988+0000] {logging_mixin.py:149} INFO - [2025-02-03T06:58:33.988+0000] {dag.py:3490} INFO - Setting next_dagrun for airqino_etl_to_mongo to 2025-02-03T00:00:00+00:00, run_after=2025-02-04T00:00:00+00:00
[2025-02-03T06:58:34.026+0000] {processor.py:178} INFO - Processing /opt/airflow/dags/airqino_etl_to_mongo.py took 1.050 seconds
[2025-02-03T06:59:04.803+0000] {processor.py:156} INFO - Started process (PID=246) to work on /opt/airflow/dags/airqino_etl_to_mongo.py
[2025-02-03T06:59:04.805+0000] {processor.py:799} INFO - Processing file /opt/airflow/dags/airqino_etl_to_mongo.py for tasks to queue
[2025-02-03T06:59:04.808+0000] {logging_mixin.py:149} INFO - [2025-02-03T06:59:04.808+0000] {dagbag.py:541} INFO - Filling up the DagBag from /opt/airflow/dags/airqino_etl_to_mongo.py
[2025-02-03T06:59:05.910+0000] {processor.py:809} INFO - DAG(s) dict_keys(['airqino_etl_to_mongo']) retrieved from /opt/airflow/dags/airqino_etl_to_mongo.py
[2025-02-03T06:59:05.959+0000] {logging_mixin.py:149} INFO - [2025-02-03T06:59:05.959+0000] {dag.py:2726} INFO - Sync 1 DAGs
[2025-02-03T06:59:06.009+0000] {logging_mixin.py:149} INFO - [2025-02-03T06:59:06.009+0000] {dag.py:3490} INFO - Setting next_dagrun for airqino_etl_to_mongo to 2025-02-03T00:00:00+00:00, run_after=2025-02-04T00:00:00+00:00
[2025-02-03T06:59:06.051+0000] {processor.py:178} INFO - Processing /opt/airflow/dags/airqino_etl_to_mongo.py took 1.255 seconds
[2025-02-03T06:59:36.452+0000] {processor.py:156} INFO - Started process (PID=261) to work on /opt/airflow/dags/airqino_etl_to_mongo.py
[2025-02-03T06:59:36.456+0000] {processor.py:799} INFO - Processing file /opt/airflow/dags/airqino_etl_to_mongo.py for tasks to queue
[2025-02-03T06:59:36.462+0000] {logging_mixin.py:149} INFO - [2025-02-03T06:59:36.460+0000] {dagbag.py:541} INFO - Filling up the DagBag from /opt/airflow/dags/airqino_etl_to_mongo.py
[2025-02-03T06:59:37.402+0000] {processor.py:809} INFO - DAG(s) dict_keys(['airqino_etl_to_mongo']) retrieved from /opt/airflow/dags/airqino_etl_to_mongo.py
[2025-02-03T06:59:37.438+0000] {logging_mixin.py:149} INFO - [2025-02-03T06:59:37.437+0000] {dag.py:2726} INFO - Sync 1 DAGs
[2025-02-03T06:59:37.486+0000] {logging_mixin.py:149} INFO - [2025-02-03T06:59:37.486+0000] {dag.py:3490} INFO - Setting next_dagrun for airqino_etl_to_mongo to 2025-02-03T00:00:00+00:00, run_after=2025-02-04T00:00:00+00:00
[2025-02-03T06:59:37.524+0000] {processor.py:178} INFO - Processing /opt/airflow/dags/airqino_etl_to_mongo.py took 1.087 seconds
[2025-02-03T07:00:07.811+0000] {processor.py:156} INFO - Started process (PID=276) to work on /opt/airflow/dags/airqino_etl_to_mongo.py
[2025-02-03T07:00:07.816+0000] {processor.py:799} INFO - Processing file /opt/airflow/dags/airqino_etl_to_mongo.py for tasks to queue
[2025-02-03T07:00:07.821+0000] {logging_mixin.py:149} INFO - [2025-02-03T07:00:07.820+0000] {dagbag.py:541} INFO - Filling up the DagBag from /opt/airflow/dags/airqino_etl_to_mongo.py
[2025-02-03T07:00:08.837+0000] {processor.py:809} INFO - DAG(s) dict_keys(['airqino_etl_to_mongo']) retrieved from /opt/airflow/dags/airqino_etl_to_mongo.py
[2025-02-03T07:00:08.881+0000] {logging_mixin.py:149} INFO - [2025-02-03T07:00:08.881+0000] {dag.py:2726} INFO - Sync 1 DAGs
[2025-02-03T07:00:08.935+0000] {logging_mixin.py:149} INFO - [2025-02-03T07:00:08.935+0000] {dag.py:3490} INFO - Setting next_dagrun for airqino_etl_to_mongo to 2025-02-03T00:00:00+00:00, run_after=2025-02-04T00:00:00+00:00
[2025-02-03T07:00:08.989+0000] {processor.py:178} INFO - Processing /opt/airflow/dags/airqino_etl_to_mongo.py took 1.189 seconds
[2025-02-03T07:00:15.392+0000] {processor.py:156} INFO - Started process (PID=285) to work on /opt/airflow/dags/airqino_etl_to_mongo.py
[2025-02-03T07:00:15.398+0000] {processor.py:799} INFO - Processing file /opt/airflow/dags/airqino_etl_to_mongo.py for tasks to queue
[2025-02-03T07:00:15.404+0000] {logging_mixin.py:149} INFO - [2025-02-03T07:00:15.403+0000] {dagbag.py:541} INFO - Filling up the DagBag from /opt/airflow/dags/airqino_etl_to_mongo.py
[2025-02-03T07:00:16.412+0000] {processor.py:809} INFO - DAG(s) dict_keys(['airqino_etl_to_mongo']) retrieved from /opt/airflow/dags/airqino_etl_to_mongo.py
[2025-02-03T07:00:16.459+0000] {logging_mixin.py:149} INFO - [2025-02-03T07:00:16.458+0000] {dag.py:2726} INFO - Sync 1 DAGs
[2025-02-03T07:00:16.524+0000] {logging_mixin.py:149} INFO - [2025-02-03T07:00:16.524+0000] {dag.py:3490} INFO - Setting next_dagrun for airqino_etl_to_mongo to 2025-02-03T00:00:00+00:00, run_after=2025-02-04T00:00:00+00:00
[2025-02-03T07:00:16.577+0000] {processor.py:178} INFO - Processing /opt/airflow/dags/airqino_etl_to_mongo.py took 1.208 seconds
[2025-02-03T07:00:17.796+0000] {processor.py:156} INFO - Started process (PID=294) to work on /opt/airflow/dags/airqino_etl_to_mongo.py
[2025-02-03T07:00:17.801+0000] {processor.py:799} INFO - Processing file /opt/airflow/dags/airqino_etl_to_mongo.py for tasks to queue
[2025-02-03T07:00:17.807+0000] {logging_mixin.py:149} INFO - [2025-02-03T07:00:17.805+0000] {dagbag.py:541} INFO - Filling up the DagBag from /opt/airflow/dags/airqino_etl_to_mongo.py
[2025-02-03T07:00:18.773+0000] {processor.py:809} INFO - DAG(s) dict_keys(['airqino_etl_to_mongo']) retrieved from /opt/airflow/dags/airqino_etl_to_mongo.py
[2025-02-03T07:00:18.810+0000] {logging_mixin.py:149} INFO - [2025-02-03T07:00:18.809+0000] {dag.py:2726} INFO - Sync 1 DAGs
[2025-02-03T07:00:18.857+0000] {logging_mixin.py:149} INFO - [2025-02-03T07:00:18.857+0000] {dag.py:3490} INFO - Setting next_dagrun for airqino_etl_to_mongo to 2025-02-03T00:00:00+00:00, run_after=2025-02-04T00:00:00+00:00
[2025-02-03T07:00:18.897+0000] {processor.py:178} INFO - Processing /opt/airflow/dags/airqino_etl_to_mongo.py took 1.116 seconds
[2025-02-03T07:00:29.132+0000] {processor.py:156} INFO - Started process (PID=309) to work on /opt/airflow/dags/airqino_etl_to_mongo.py
[2025-02-03T07:00:29.134+0000] {processor.py:799} INFO - Processing file /opt/airflow/dags/airqino_etl_to_mongo.py for tasks to queue
[2025-02-03T07:00:29.137+0000] {logging_mixin.py:149} INFO - [2025-02-03T07:00:29.136+0000] {dagbag.py:541} INFO - Filling up the DagBag from /opt/airflow/dags/airqino_etl_to_mongo.py
[2025-02-03T07:00:29.956+0000] {processor.py:809} INFO - DAG(s) dict_keys(['airqino_etl_to_mongo']) retrieved from /opt/airflow/dags/airqino_etl_to_mongo.py
[2025-02-03T07:00:30.067+0000] {logging_mixin.py:149} INFO - [2025-02-03T07:00:30.067+0000] {dag.py:2726} INFO - Sync 1 DAGs
[2025-02-03T07:00:30.116+0000] {logging_mixin.py:149} INFO - [2025-02-03T07:00:30.115+0000] {dag.py:3490} INFO - Setting next_dagrun for airqino_etl_to_mongo to 2025-02-02T23:30:00+00:00, run_after=2025-02-03T23:30:00+00:00
[2025-02-03T07:00:30.170+0000] {processor.py:178} INFO - Processing /opt/airflow/dags/airqino_etl_to_mongo.py took 1.043 seconds
[2025-02-03T07:01:00.390+0000] {processor.py:156} INFO - Started process (PID=324) to work on /opt/airflow/dags/airqino_etl_to_mongo.py
[2025-02-03T07:01:00.393+0000] {processor.py:799} INFO - Processing file /opt/airflow/dags/airqino_etl_to_mongo.py for tasks to queue
[2025-02-03T07:01:00.397+0000] {logging_mixin.py:149} INFO - [2025-02-03T07:01:00.396+0000] {dagbag.py:541} INFO - Filling up the DagBag from /opt/airflow/dags/airqino_etl_to_mongo.py
[2025-02-03T07:01:01.492+0000] {processor.py:809} INFO - DAG(s) dict_keys(['airqino_etl_to_mongo']) retrieved from /opt/airflow/dags/airqino_etl_to_mongo.py
[2025-02-03T07:01:01.532+0000] {logging_mixin.py:149} INFO - [2025-02-03T07:01:01.532+0000] {dag.py:2726} INFO - Sync 1 DAGs
[2025-02-03T07:01:01.595+0000] {logging_mixin.py:149} INFO - [2025-02-03T07:01:01.594+0000] {dag.py:3490} INFO - Setting next_dagrun for airqino_etl_to_mongo to 2025-02-02T23:30:00+00:00, run_after=2025-02-03T23:30:00+00:00
[2025-02-03T07:01:01.672+0000] {processor.py:178} INFO - Processing /opt/airflow/dags/airqino_etl_to_mongo.py took 1.293 seconds
[2025-02-03T07:01:32.215+0000] {processor.py:156} INFO - Started process (PID=339) to work on /opt/airflow/dags/airqino_etl_to_mongo.py
[2025-02-03T07:01:32.220+0000] {processor.py:799} INFO - Processing file /opt/airflow/dags/airqino_etl_to_mongo.py for tasks to queue
[2025-02-03T07:01:32.226+0000] {logging_mixin.py:149} INFO - [2025-02-03T07:01:32.225+0000] {dagbag.py:541} INFO - Filling up the DagBag from /opt/airflow/dags/airqino_etl_to_mongo.py
[2025-02-03T07:01:34.106+0000] {processor.py:809} INFO - DAG(s) dict_keys(['airqino_etl_to_mongo']) retrieved from /opt/airflow/dags/airqino_etl_to_mongo.py
[2025-02-03T07:01:34.157+0000] {logging_mixin.py:149} INFO - [2025-02-03T07:01:34.156+0000] {dag.py:2726} INFO - Sync 1 DAGs
[2025-02-03T07:01:34.210+0000] {logging_mixin.py:149} INFO - [2025-02-03T07:01:34.210+0000] {dag.py:3490} INFO - Setting next_dagrun for airqino_etl_to_mongo to 2025-02-02T23:30:00+00:00, run_after=2025-02-03T23:30:00+00:00
[2025-02-03T07:01:34.257+0000] {processor.py:178} INFO - Processing /opt/airflow/dags/airqino_etl_to_mongo.py took 2.059 seconds
[2025-02-03T07:02:04.757+0000] {processor.py:156} INFO - Started process (PID=354) to work on /opt/airflow/dags/airqino_etl_to_mongo.py
[2025-02-03T07:02:04.764+0000] {processor.py:799} INFO - Processing file /opt/airflow/dags/airqino_etl_to_mongo.py for tasks to queue
[2025-02-03T07:02:04.769+0000] {logging_mixin.py:149} INFO - [2025-02-03T07:02:04.768+0000] {dagbag.py:541} INFO - Filling up the DagBag from /opt/airflow/dags/airqino_etl_to_mongo.py
[2025-02-03T07:02:06.092+0000] {processor.py:809} INFO - DAG(s) dict_keys(['airqino_etl_to_mongo']) retrieved from /opt/airflow/dags/airqino_etl_to_mongo.py
[2025-02-03T07:02:06.136+0000] {logging_mixin.py:149} INFO - [2025-02-03T07:02:06.135+0000] {dag.py:2726} INFO - Sync 1 DAGs
[2025-02-03T07:02:06.186+0000] {logging_mixin.py:149} INFO - [2025-02-03T07:02:06.186+0000] {dag.py:3490} INFO - Setting next_dagrun for airqino_etl_to_mongo to 2025-02-02T23:30:00+00:00, run_after=2025-02-03T23:30:00+00:00
[2025-02-03T07:02:06.253+0000] {processor.py:178} INFO - Processing /opt/airflow/dags/airqino_etl_to_mongo.py took 1.514 seconds
[2025-02-03T07:02:36.707+0000] {processor.py:156} INFO - Started process (PID=369) to work on /opt/airflow/dags/airqino_etl_to_mongo.py
[2025-02-03T07:02:36.719+0000] {processor.py:799} INFO - Processing file /opt/airflow/dags/airqino_etl_to_mongo.py for tasks to queue
[2025-02-03T07:02:36.731+0000] {logging_mixin.py:149} INFO - [2025-02-03T07:02:36.729+0000] {dagbag.py:541} INFO - Filling up the DagBag from /opt/airflow/dags/airqino_etl_to_mongo.py
[2025-02-03T07:02:38.919+0000] {processor.py:809} INFO - DAG(s) dict_keys(['airqino_etl_to_mongo']) retrieved from /opt/airflow/dags/airqino_etl_to_mongo.py
[2025-02-03T07:02:38.951+0000] {logging_mixin.py:149} INFO - [2025-02-03T07:02:38.951+0000] {dag.py:2726} INFO - Sync 1 DAGs
[2025-02-03T07:02:38.992+0000] {logging_mixin.py:149} INFO - [2025-02-03T07:02:38.992+0000] {dag.py:3490} INFO - Setting next_dagrun for airqino_etl_to_mongo to 2025-02-02T23:30:00+00:00, run_after=2025-02-03T23:30:00+00:00
[2025-02-03T07:02:39.056+0000] {processor.py:178} INFO - Processing /opt/airflow/dags/airqino_etl_to_mongo.py took 2.442 seconds
[2025-02-03T07:03:09.371+0000] {processor.py:156} INFO - Started process (PID=384) to work on /opt/airflow/dags/airqino_etl_to_mongo.py
[2025-02-03T07:03:09.377+0000] {processor.py:799} INFO - Processing file /opt/airflow/dags/airqino_etl_to_mongo.py for tasks to queue
[2025-02-03T07:03:09.384+0000] {logging_mixin.py:149} INFO - [2025-02-03T07:03:09.382+0000] {dagbag.py:541} INFO - Filling up the DagBag from /opt/airflow/dags/airqino_etl_to_mongo.py
[2025-02-03T07:03:10.413+0000] {processor.py:809} INFO - DAG(s) dict_keys(['airqino_etl_to_mongo']) retrieved from /opt/airflow/dags/airqino_etl_to_mongo.py
[2025-02-03T07:03:10.452+0000] {logging_mixin.py:149} INFO - [2025-02-03T07:03:10.451+0000] {dag.py:2726} INFO - Sync 1 DAGs
[2025-02-03T07:03:10.500+0000] {logging_mixin.py:149} INFO - [2025-02-03T07:03:10.500+0000] {dag.py:3490} INFO - Setting next_dagrun for airqino_etl_to_mongo to 2025-02-02T23:30:00+00:00, run_after=2025-02-03T23:30:00+00:00
[2025-02-03T07:03:10.696+0000] {processor.py:178} INFO - Processing /opt/airflow/dags/airqino_etl_to_mongo.py took 1.343 seconds
[2025-02-03T07:03:41.115+0000] {processor.py:156} INFO - Started process (PID=399) to work on /opt/airflow/dags/airqino_etl_to_mongo.py
[2025-02-03T07:03:41.122+0000] {processor.py:799} INFO - Processing file /opt/airflow/dags/airqino_etl_to_mongo.py for tasks to queue
[2025-02-03T07:03:41.131+0000] {logging_mixin.py:149} INFO - [2025-02-03T07:03:41.130+0000] {dagbag.py:541} INFO - Filling up the DagBag from /opt/airflow/dags/airqino_etl_to_mongo.py
[2025-02-03T07:03:42.586+0000] {processor.py:809} INFO - DAG(s) dict_keys(['airqino_etl_to_mongo']) retrieved from /opt/airflow/dags/airqino_etl_to_mongo.py
[2025-02-03T07:03:42.634+0000] {logging_mixin.py:149} INFO - [2025-02-03T07:03:42.633+0000] {dag.py:2726} INFO - Sync 1 DAGs
[2025-02-03T07:03:42.682+0000] {logging_mixin.py:149} INFO - [2025-02-03T07:03:42.681+0000] {dag.py:3490} INFO - Setting next_dagrun for airqino_etl_to_mongo to 2025-02-02T23:30:00+00:00, run_after=2025-02-03T23:30:00+00:00
[2025-02-03T07:03:42.716+0000] {processor.py:178} INFO - Processing /opt/airflow/dags/airqino_etl_to_mongo.py took 1.631 seconds
[2025-02-03T07:04:12.840+0000] {processor.py:156} INFO - Started process (PID=414) to work on /opt/airflow/dags/airqino_etl_to_mongo.py
[2025-02-03T07:04:12.845+0000] {processor.py:799} INFO - Processing file /opt/airflow/dags/airqino_etl_to_mongo.py for tasks to queue
[2025-02-03T07:04:12.850+0000] {logging_mixin.py:149} INFO - [2025-02-03T07:04:12.849+0000] {dagbag.py:541} INFO - Filling up the DagBag from /opt/airflow/dags/airqino_etl_to_mongo.py
[2025-02-03T07:04:14.687+0000] {processor.py:809} INFO - DAG(s) dict_keys(['airqino_etl_to_mongo']) retrieved from /opt/airflow/dags/airqino_etl_to_mongo.py
[2025-02-03T07:04:14.753+0000] {logging_mixin.py:149} INFO - [2025-02-03T07:04:14.752+0000] {dag.py:2726} INFO - Sync 1 DAGs
[2025-02-03T07:04:14.843+0000] {logging_mixin.py:149} INFO - [2025-02-03T07:04:14.842+0000] {dag.py:3490} INFO - Setting next_dagrun for airqino_etl_to_mongo to 2025-02-02T23:30:00+00:00, run_after=2025-02-03T23:30:00+00:00
[2025-02-03T07:04:14.898+0000] {processor.py:178} INFO - Processing /opt/airflow/dags/airqino_etl_to_mongo.py took 2.071 seconds
[2025-02-03T07:04:45.236+0000] {processor.py:156} INFO - Started process (PID=429) to work on /opt/airflow/dags/airqino_etl_to_mongo.py
[2025-02-03T07:04:45.241+0000] {processor.py:799} INFO - Processing file /opt/airflow/dags/airqino_etl_to_mongo.py for tasks to queue
[2025-02-03T07:04:45.246+0000] {logging_mixin.py:149} INFO - [2025-02-03T07:04:45.245+0000] {dagbag.py:541} INFO - Filling up the DagBag from /opt/airflow/dags/airqino_etl_to_mongo.py
[2025-02-03T07:04:46.493+0000] {processor.py:809} INFO - DAG(s) dict_keys(['airqino_etl_to_mongo']) retrieved from /opt/airflow/dags/airqino_etl_to_mongo.py
[2025-02-03T07:04:46.543+0000] {logging_mixin.py:149} INFO - [2025-02-03T07:04:46.542+0000] {dag.py:2726} INFO - Sync 1 DAGs
[2025-02-03T07:04:46.601+0000] {logging_mixin.py:149} INFO - [2025-02-03T07:04:46.600+0000] {dag.py:3490} INFO - Setting next_dagrun for airqino_etl_to_mongo to 2025-02-02T23:30:00+00:00, run_after=2025-02-03T23:30:00+00:00
[2025-02-03T07:04:46.651+0000] {processor.py:178} INFO - Processing /opt/airflow/dags/airqino_etl_to_mongo.py took 1.430 seconds
[2025-02-03T07:05:17.175+0000] {processor.py:156} INFO - Started process (PID=444) to work on /opt/airflow/dags/airqino_etl_to_mongo.py
[2025-02-03T07:05:17.179+0000] {processor.py:799} INFO - Processing file /opt/airflow/dags/airqino_etl_to_mongo.py for tasks to queue
[2025-02-03T07:05:17.183+0000] {logging_mixin.py:149} INFO - [2025-02-03T07:05:17.182+0000] {dagbag.py:541} INFO - Filling up the DagBag from /opt/airflow/dags/airqino_etl_to_mongo.py
[2025-02-03T07:05:18.035+0000] {processor.py:809} INFO - DAG(s) dict_keys(['airqino_etl_to_mongo']) retrieved from /opt/airflow/dags/airqino_etl_to_mongo.py
[2025-02-03T07:05:18.069+0000] {logging_mixin.py:149} INFO - [2025-02-03T07:05:18.068+0000] {dag.py:2726} INFO - Sync 1 DAGs
[2025-02-03T07:05:18.115+0000] {logging_mixin.py:149} INFO - [2025-02-03T07:05:18.115+0000] {dag.py:3490} INFO - Setting next_dagrun for airqino_etl_to_mongo to 2025-02-02T23:30:00+00:00, run_after=2025-02-03T23:30:00+00:00
[2025-02-03T07:05:18.153+0000] {processor.py:178} INFO - Processing /opt/airflow/dags/airqino_etl_to_mongo.py took 0.991 seconds
[2025-02-03T07:05:48.432+0000] {processor.py:156} INFO - Started process (PID=459) to work on /opt/airflow/dags/airqino_etl_to_mongo.py
[2025-02-03T07:05:48.439+0000] {processor.py:799} INFO - Processing file /opt/airflow/dags/airqino_etl_to_mongo.py for tasks to queue
[2025-02-03T07:05:48.445+0000] {logging_mixin.py:149} INFO - [2025-02-03T07:05:48.444+0000] {dagbag.py:541} INFO - Filling up the DagBag from /opt/airflow/dags/airqino_etl_to_mongo.py
[2025-02-03T07:05:50.001+0000] {processor.py:809} INFO - DAG(s) dict_keys(['airqino_etl_to_mongo']) retrieved from /opt/airflow/dags/airqino_etl_to_mongo.py
[2025-02-03T07:05:50.052+0000] {logging_mixin.py:149} INFO - [2025-02-03T07:05:50.051+0000] {dag.py:2726} INFO - Sync 1 DAGs
[2025-02-03T07:05:50.126+0000] {logging_mixin.py:149} INFO - [2025-02-03T07:05:50.126+0000] {dag.py:3490} INFO - Setting next_dagrun for airqino_etl_to_mongo to 2025-02-02T23:30:00+00:00, run_after=2025-02-03T23:30:00+00:00
[2025-02-03T07:05:50.199+0000] {processor.py:178} INFO - Processing /opt/airflow/dags/airqino_etl_to_mongo.py took 1.781 seconds
[2025-02-03T07:06:20.502+0000] {processor.py:156} INFO - Started process (PID=480) to work on /opt/airflow/dags/airqino_etl_to_mongo.py
[2025-02-03T07:06:20.508+0000] {processor.py:799} INFO - Processing file /opt/airflow/dags/airqino_etl_to_mongo.py for tasks to queue
[2025-02-03T07:06:20.514+0000] {logging_mixin.py:149} INFO - [2025-02-03T07:06:20.513+0000] {dagbag.py:541} INFO - Filling up the DagBag from /opt/airflow/dags/airqino_etl_to_mongo.py
[2025-02-03T07:06:21.731+0000] {processor.py:809} INFO - DAG(s) dict_keys(['airqino_etl_to_mongo']) retrieved from /opt/airflow/dags/airqino_etl_to_mongo.py
[2025-02-03T07:06:21.776+0000] {logging_mixin.py:149} INFO - [2025-02-03T07:06:21.775+0000] {dag.py:2726} INFO - Sync 1 DAGs
[2025-02-03T07:06:21.844+0000] {logging_mixin.py:149} INFO - [2025-02-03T07:06:21.844+0000] {dag.py:3490} INFO - Setting next_dagrun for airqino_etl_to_mongo to 2025-02-02T23:30:00+00:00, run_after=2025-02-03T23:30:00+00:00
[2025-02-03T07:06:21.913+0000] {processor.py:178} INFO - Processing /opt/airflow/dags/airqino_etl_to_mongo.py took 1.428 seconds
[2025-02-03T07:06:52.379+0000] {processor.py:156} INFO - Started process (PID=495) to work on /opt/airflow/dags/airqino_etl_to_mongo.py
[2025-02-03T07:06:52.387+0000] {processor.py:799} INFO - Processing file /opt/airflow/dags/airqino_etl_to_mongo.py for tasks to queue
[2025-02-03T07:06:52.393+0000] {logging_mixin.py:149} INFO - [2025-02-03T07:06:52.393+0000] {dagbag.py:541} INFO - Filling up the DagBag from /opt/airflow/dags/airqino_etl_to_mongo.py
[2025-02-03T07:06:53.568+0000] {processor.py:809} INFO - DAG(s) dict_keys(['airqino_etl_to_mongo']) retrieved from /opt/airflow/dags/airqino_etl_to_mongo.py
[2025-02-03T07:06:53.655+0000] {logging_mixin.py:149} INFO - [2025-02-03T07:06:53.654+0000] {dag.py:2726} INFO - Sync 1 DAGs
[2025-02-03T07:06:53.718+0000] {logging_mixin.py:149} INFO - [2025-02-03T07:06:53.718+0000] {dag.py:3490} INFO - Setting next_dagrun for airqino_etl_to_mongo to 2025-02-02T23:30:00+00:00, run_after=2025-02-03T23:30:00+00:00
[2025-02-03T07:06:53.786+0000] {processor.py:178} INFO - Processing /opt/airflow/dags/airqino_etl_to_mongo.py took 1.429 seconds
[2025-02-03T07:07:24.183+0000] {processor.py:156} INFO - Started process (PID=510) to work on /opt/airflow/dags/airqino_etl_to_mongo.py
[2025-02-03T07:07:24.187+0000] {processor.py:799} INFO - Processing file /opt/airflow/dags/airqino_etl_to_mongo.py for tasks to queue
[2025-02-03T07:07:24.194+0000] {logging_mixin.py:149} INFO - [2025-02-03T07:07:24.193+0000] {dagbag.py:541} INFO - Filling up the DagBag from /opt/airflow/dags/airqino_etl_to_mongo.py
[2025-02-03T07:07:25.134+0000] {processor.py:809} INFO - DAG(s) dict_keys(['airqino_etl_to_mongo']) retrieved from /opt/airflow/dags/airqino_etl_to_mongo.py
[2025-02-03T07:07:25.170+0000] {logging_mixin.py:149} INFO - [2025-02-03T07:07:25.169+0000] {dag.py:2726} INFO - Sync 1 DAGs
[2025-02-03T07:07:25.217+0000] {logging_mixin.py:149} INFO - [2025-02-03T07:07:25.217+0000] {dag.py:3490} INFO - Setting next_dagrun for airqino_etl_to_mongo to 2025-02-02T23:30:00+00:00, run_after=2025-02-03T23:30:00+00:00
[2025-02-03T07:07:25.315+0000] {processor.py:178} INFO - Processing /opt/airflow/dags/airqino_etl_to_mongo.py took 1.146 seconds
[2025-02-03T07:07:55.569+0000] {processor.py:156} INFO - Started process (PID=525) to work on /opt/airflow/dags/airqino_etl_to_mongo.py
[2025-02-03T07:07:55.571+0000] {processor.py:799} INFO - Processing file /opt/airflow/dags/airqino_etl_to_mongo.py for tasks to queue
[2025-02-03T07:07:55.573+0000] {logging_mixin.py:149} INFO - [2025-02-03T07:07:55.573+0000] {dagbag.py:541} INFO - Filling up the DagBag from /opt/airflow/dags/airqino_etl_to_mongo.py
[2025-02-03T07:07:56.471+0000] {processor.py:809} INFO - DAG(s) dict_keys(['airqino_etl_to_mongo']) retrieved from /opt/airflow/dags/airqino_etl_to_mongo.py
[2025-02-03T07:07:56.511+0000] {logging_mixin.py:149} INFO - [2025-02-03T07:07:56.510+0000] {dag.py:2726} INFO - Sync 1 DAGs
[2025-02-03T07:07:56.563+0000] {logging_mixin.py:149} INFO - [2025-02-03T07:07:56.563+0000] {dag.py:3490} INFO - Setting next_dagrun for airqino_etl_to_mongo to 2025-02-02T23:30:00+00:00, run_after=2025-02-03T23:30:00+00:00
[2025-02-03T07:07:56.631+0000] {processor.py:178} INFO - Processing /opt/airflow/dags/airqino_etl_to_mongo.py took 1.068 seconds
[2025-02-03T07:08:26.903+0000] {processor.py:156} INFO - Started process (PID=540) to work on /opt/airflow/dags/airqino_etl_to_mongo.py
[2025-02-03T07:08:26.908+0000] {processor.py:799} INFO - Processing file /opt/airflow/dags/airqino_etl_to_mongo.py for tasks to queue
[2025-02-03T07:08:26.912+0000] {logging_mixin.py:149} INFO - [2025-02-03T07:08:26.912+0000] {dagbag.py:541} INFO - Filling up the DagBag from /opt/airflow/dags/airqino_etl_to_mongo.py
[2025-02-03T07:08:27.940+0000] {processor.py:809} INFO - DAG(s) dict_keys(['airqino_etl_to_mongo']) retrieved from /opt/airflow/dags/airqino_etl_to_mongo.py
[2025-02-03T07:08:28.028+0000] {logging_mixin.py:149} INFO - [2025-02-03T07:08:28.027+0000] {dag.py:2726} INFO - Sync 1 DAGs
[2025-02-03T07:08:28.081+0000] {logging_mixin.py:149} INFO - [2025-02-03T07:08:28.081+0000] {dag.py:3490} INFO - Setting next_dagrun for airqino_etl_to_mongo to 2025-02-02T23:30:00+00:00, run_after=2025-02-03T23:30:00+00:00
[2025-02-03T07:08:28.169+0000] {processor.py:178} INFO - Processing /opt/airflow/dags/airqino_etl_to_mongo.py took 1.278 seconds
[2025-02-03T07:08:58.601+0000] {processor.py:156} INFO - Started process (PID=555) to work on /opt/airflow/dags/airqino_etl_to_mongo.py
[2025-02-03T07:08:58.608+0000] {processor.py:799} INFO - Processing file /opt/airflow/dags/airqino_etl_to_mongo.py for tasks to queue
[2025-02-03T07:08:58.615+0000] {logging_mixin.py:149} INFO - [2025-02-03T07:08:58.614+0000] {dagbag.py:541} INFO - Filling up the DagBag from /opt/airflow/dags/airqino_etl_to_mongo.py
[2025-02-03T07:09:00.042+0000] {processor.py:809} INFO - DAG(s) dict_keys(['airqino_etl_to_mongo']) retrieved from /opt/airflow/dags/airqino_etl_to_mongo.py
[2025-02-03T07:09:00.081+0000] {logging_mixin.py:149} INFO - [2025-02-03T07:09:00.080+0000] {dag.py:2726} INFO - Sync 1 DAGs
[2025-02-03T07:09:00.131+0000] {logging_mixin.py:149} INFO - [2025-02-03T07:09:00.131+0000] {dag.py:3490} INFO - Setting next_dagrun for airqino_etl_to_mongo to 2025-02-02T23:30:00+00:00, run_after=2025-02-03T23:30:00+00:00
[2025-02-03T07:09:00.226+0000] {processor.py:178} INFO - Processing /opt/airflow/dags/airqino_etl_to_mongo.py took 1.650 seconds
[2025-02-03T07:09:30.448+0000] {processor.py:156} INFO - Started process (PID=570) to work on /opt/airflow/dags/airqino_etl_to_mongo.py
[2025-02-03T07:09:30.453+0000] {processor.py:799} INFO - Processing file /opt/airflow/dags/airqino_etl_to_mongo.py for tasks to queue
[2025-02-03T07:09:30.459+0000] {logging_mixin.py:149} INFO - [2025-02-03T07:09:30.458+0000] {dagbag.py:541} INFO - Filling up the DagBag from /opt/airflow/dags/airqino_etl_to_mongo.py
[2025-02-03T07:09:31.392+0000] {processor.py:809} INFO - DAG(s) dict_keys(['airqino_etl_to_mongo']) retrieved from /opt/airflow/dags/airqino_etl_to_mongo.py
[2025-02-03T07:09:31.446+0000] {logging_mixin.py:149} INFO - [2025-02-03T07:09:31.445+0000] {dag.py:2726} INFO - Sync 1 DAGs
[2025-02-03T07:09:31.502+0000] {logging_mixin.py:149} INFO - [2025-02-03T07:09:31.502+0000] {dag.py:3490} INFO - Setting next_dagrun for airqino_etl_to_mongo to 2025-02-02T23:30:00+00:00, run_after=2025-02-03T23:30:00+00:00
[2025-02-03T07:09:31.567+0000] {processor.py:178} INFO - Processing /opt/airflow/dags/airqino_etl_to_mongo.py took 1.134 seconds
[2025-02-03T07:10:01.684+0000] {processor.py:156} INFO - Started process (PID=585) to work on /opt/airflow/dags/airqino_etl_to_mongo.py
[2025-02-03T07:10:01.688+0000] {processor.py:799} INFO - Processing file /opt/airflow/dags/airqino_etl_to_mongo.py for tasks to queue
[2025-02-03T07:10:01.693+0000] {logging_mixin.py:149} INFO - [2025-02-03T07:10:01.692+0000] {dagbag.py:541} INFO - Filling up the DagBag from /opt/airflow/dags/airqino_etl_to_mongo.py
[2025-02-03T07:10:02.633+0000] {processor.py:809} INFO - DAG(s) dict_keys(['airqino_etl_to_mongo']) retrieved from /opt/airflow/dags/airqino_etl_to_mongo.py
[2025-02-03T07:10:02.668+0000] {logging_mixin.py:149} INFO - [2025-02-03T07:10:02.668+0000] {dag.py:2726} INFO - Sync 1 DAGs
[2025-02-03T07:10:02.714+0000] {logging_mixin.py:149} INFO - [2025-02-03T07:10:02.714+0000] {dag.py:3490} INFO - Setting next_dagrun for airqino_etl_to_mongo to 2025-02-02T23:30:00+00:00, run_after=2025-02-03T23:30:00+00:00
[2025-02-03T07:10:02.750+0000] {processor.py:178} INFO - Processing /opt/airflow/dags/airqino_etl_to_mongo.py took 1.082 seconds
[2025-02-03T07:10:32.965+0000] {processor.py:156} INFO - Started process (PID=600) to work on /opt/airflow/dags/airqino_etl_to_mongo.py
[2025-02-03T07:10:32.967+0000] {processor.py:799} INFO - Processing file /opt/airflow/dags/airqino_etl_to_mongo.py for tasks to queue
[2025-02-03T07:10:32.970+0000] {logging_mixin.py:149} INFO - [2025-02-03T07:10:32.969+0000] {dagbag.py:541} INFO - Filling up the DagBag from /opt/airflow/dags/airqino_etl_to_mongo.py
[2025-02-03T07:10:33.944+0000] {processor.py:809} INFO - DAG(s) dict_keys(['airqino_etl_to_mongo']) retrieved from /opt/airflow/dags/airqino_etl_to_mongo.py
[2025-02-03T07:10:33.992+0000] {logging_mixin.py:149} INFO - [2025-02-03T07:10:33.991+0000] {dag.py:2726} INFO - Sync 1 DAGs
[2025-02-03T07:10:34.042+0000] {logging_mixin.py:149} INFO - [2025-02-03T07:10:34.042+0000] {dag.py:3490} INFO - Setting next_dagrun for airqino_etl_to_mongo to 2025-02-02T23:30:00+00:00, run_after=2025-02-03T23:30:00+00:00
[2025-02-03T07:10:34.105+0000] {processor.py:178} INFO - Processing /opt/airflow/dags/airqino_etl_to_mongo.py took 1.146 seconds
[2025-02-03T07:11:04.388+0000] {processor.py:156} INFO - Started process (PID=615) to work on /opt/airflow/dags/airqino_etl_to_mongo.py
[2025-02-03T07:11:04.393+0000] {processor.py:799} INFO - Processing file /opt/airflow/dags/airqino_etl_to_mongo.py for tasks to queue
[2025-02-03T07:11:04.399+0000] {logging_mixin.py:149} INFO - [2025-02-03T07:11:04.398+0000] {dagbag.py:541} INFO - Filling up the DagBag from /opt/airflow/dags/airqino_etl_to_mongo.py
[2025-02-03T07:11:05.360+0000] {processor.py:809} INFO - DAG(s) dict_keys(['airqino_etl_to_mongo']) retrieved from /opt/airflow/dags/airqino_etl_to_mongo.py
[2025-02-03T07:11:05.396+0000] {logging_mixin.py:149} INFO - [2025-02-03T07:11:05.395+0000] {dag.py:2726} INFO - Sync 1 DAGs
[2025-02-03T07:11:05.443+0000] {logging_mixin.py:149} INFO - [2025-02-03T07:11:05.442+0000] {dag.py:3490} INFO - Setting next_dagrun for airqino_etl_to_mongo to 2025-02-02T23:30:00+00:00, run_after=2025-02-03T23:30:00+00:00
[2025-02-03T07:11:05.481+0000] {processor.py:178} INFO - Processing /opt/airflow/dags/airqino_etl_to_mongo.py took 1.107 seconds
[2025-02-03T07:11:35.939+0000] {processor.py:156} INFO - Started process (PID=630) to work on /opt/airflow/dags/airqino_etl_to_mongo.py
[2025-02-03T07:11:35.945+0000] {processor.py:799} INFO - Processing file /opt/airflow/dags/airqino_etl_to_mongo.py for tasks to queue
[2025-02-03T07:11:35.950+0000] {logging_mixin.py:149} INFO - [2025-02-03T07:11:35.949+0000] {dagbag.py:541} INFO - Filling up the DagBag from /opt/airflow/dags/airqino_etl_to_mongo.py
[2025-02-03T07:11:36.897+0000] {processor.py:809} INFO - DAG(s) dict_keys(['airqino_etl_to_mongo']) retrieved from /opt/airflow/dags/airqino_etl_to_mongo.py
[2025-02-03T07:11:36.937+0000] {logging_mixin.py:149} INFO - [2025-02-03T07:11:36.936+0000] {dag.py:2726} INFO - Sync 1 DAGs
[2025-02-03T07:11:36.984+0000] {logging_mixin.py:149} INFO - [2025-02-03T07:11:36.984+0000] {dag.py:3490} INFO - Setting next_dagrun for airqino_etl_to_mongo to 2025-02-02T23:30:00+00:00, run_after=2025-02-03T23:30:00+00:00
[2025-02-03T07:11:37.025+0000] {processor.py:178} INFO - Processing /opt/airflow/dags/airqino_etl_to_mongo.py took 1.097 seconds
